#
# There is insufficient memory for the Java Runtime Environment to continue.
# Native memory allocation (malloc) failed to allocate 885696 bytes for Chunk::new
# Possible reasons:
#   The system is out of physical RAM or swap space
#   The process is running with CompressedOops enabled, and the Java Heap may be blocking the growth of the native heap
# Possible solutions:
#   Reduce memory load on the system
#   Increase physical memory or swap space
#   Check if swap backing store is full
#   Decrease Java heap size (-Xmx/-Xms)
#   Decrease number of Java threads
#   Decrease Java thread stack sizes (-Xss)
#   Set larger code cache with -XX:ReservedCodeCacheSize=
#   JVM is running with Unscaled Compressed Oops mode in which the Java heap is
#     placed in the first 4GB address space. The Java Heap base address is the
#     maximum limit for the native heap growth. Please use -XX:HeapBaseMinAddress
#     to set the Java Heap base and to place the Java Heap above 4GB virtual address.
# This output file may be truncated or incomplete.
#
#  Out of Memory Error (t:/workspace/open/src/hotspot/share/memory/arena.cpp:197), pid=31524, tid=34008
#
# JRE version: Java(TM) SE Runtime Environment (12.0.2+10) (build 12.0.2+10)
# Java VM: Java HotSpot(TM) 64-Bit Server VM (12.0.2+10, mixed mode, sharing, tiered, compressed oops, g1 gc, windows-amd64)
# No core dump will be written. Minidumps are not enabled by default on client versions of Windows
#

---------------  S U M M A R Y ------------

Command Line: --add-opens=java.base/java.util=ALL-UNNAMED --add-opens=java.base/java.lang=ALL-UNNAMED --add-opens=java.base/java.lang.invoke=ALL-UNNAMED --add-opens=java.prefs/java.util.prefs=ALL-UNNAMED -Xmx2048m -Dfile.encoding=windows-1252 -Duser.country=GB -Duser.language=en -Duser.variant org.gradle.launcher.daemon.bootstrap.GradleDaemon 6.1.1

Host: Intel(R) Pentium(R) CPU 4417U @ 2.30GHz, 4 cores, 3G,  Windows 10 , 64 bit Build 18362 (10.0.18362.778)
Time: Wed Jul  1 13:36:58 2020 W. Central Africa Standard Time elapsed time: 52 seconds (0d 0h 0m 52s)

---------------  T H R E A D  ---------------

Current thread (0x0000023dd0792800):  JavaThread "C2 CompilerThread0" daemon [_thread_in_native, id=34008, stack(0x0000007830300000,0x0000007830400000)]


Current CompileTask:
C2:  52086 4701       4       org.objectweb.asm.Frame::execute (2318 bytes)

Stack: [0x0000007830300000,0x0000007830400000]
Native frames: (J=compiled Java code, j=interpreted, Vv=VM code, C=native code)
V  [jvm.dll+0x63aa2a]
V  [jvm.dll+0x78ce1e]
V  [jvm.dll+0x78e4c1]
V  [jvm.dll+0x78eb13]
V  [jvm.dll+0x2627e8]
V  [jvm.dll+0xc55cc]
V  [jvm.dll+0xc5b4c]
V  [jvm.dll+0x2d4034]
V  [jvm.dll+0x5569ad]
V  [jvm.dll+0x21dd77]
V  [jvm.dll+0x21b2b6]
V  [jvm.dll+0x199a20]
V  [jvm.dll+0x22a744]
V  [jvm.dll+0x228d98]
V  [jvm.dll+0x7512a0]
V  [jvm.dll+0x74a2c8]
V  [jvm.dll+0x639b16]
C  [ucrtbase.dll+0x20e82]
C  [KERNEL32.DLL+0x17bd4]
C  [ntdll.dll+0x6ce51]


---------------  P R O C E S S  ---------------

Threads class SMR info:
_java_thread_list=0x0000023dd3e893b0, length=33, elements={
0x0000023db22da000, 0x0000023db23aa800, 0x0000023db23ad800, 0x0000023dd078f000,
0x0000023dd0791800, 0x0000023dd0792800, 0x0000023dd0796800, 0x0000023dd07a2800,
0x0000023dd11da000, 0x0000023dd11ed800, 0x0000023dd1eb7800, 0x0000023dd1d09000,
0x0000023dd26a2000, 0x0000023dd2110800, 0x0000023dd1b35800, 0x0000023dd16c8000,
0x0000023dd1be8800, 0x0000023dd2752800, 0x0000023dd130b000, 0x0000023dd1dd4800,
0x0000023dd2819800, 0x0000023dd2818800, 0x0000023dd2813800, 0x0000023dd2815000,
0x0000023dd2814800, 0x0000023dd2817800, 0x0000023dd281a000, 0x0000023dd2816000,
0x0000023dd4330000, 0x0000023dd4336800, 0x0000023dd4330800, 0x0000023dd4337000,
0x0000023dd4338000
}

Java Threads: ( => current thread )
  0x0000023db22da000 JavaThread "main" [_thread_blocked, id=2080, stack(0x000000782f800000,0x000000782f900000)]
  0x0000023db23aa800 JavaThread "Reference Handler" daemon [_thread_blocked, id=7768, stack(0x000000782ff00000,0x0000007830000000)]
  0x0000023db23ad800 JavaThread "Finalizer" daemon [_thread_blocked, id=32404, stack(0x0000007830000000,0x0000007830100000)]
  0x0000023dd078f000 JavaThread "Signal Dispatcher" daemon [_thread_blocked, id=30588, stack(0x0000007830100000,0x0000007830200000)]
  0x0000023dd0791800 JavaThread "Attach Listener" daemon [_thread_blocked, id=31736, stack(0x0000007830200000,0x0000007830300000)]
=>0x0000023dd0792800 JavaThread "C2 CompilerThread0" daemon [_thread_in_native, id=34008, stack(0x0000007830300000,0x0000007830400000)]
  0x0000023dd0796800 JavaThread "C1 CompilerThread0" daemon [_thread_blocked, id=33728, stack(0x0000007830400000,0x0000007830500000)]
  0x0000023dd07a2800 JavaThread "Sweeper thread" daemon [_thread_blocked, id=11128, stack(0x0000007830500000,0x0000007830600000)]
  0x0000023dd11da000 JavaThread "Common-Cleaner" daemon [_thread_blocked, id=32544, stack(0x0000007830600000,0x0000007830700000)]
  0x0000023dd11ed800 JavaThread "Service Thread" daemon [_thread_blocked, id=14384, stack(0x0000007830700000,0x0000007830800000)]
  0x0000023dd1eb7800 JavaThread "Daemon health stats" [_thread_blocked, id=28228, stack(0x0000007830a00000,0x0000007830b00000)]
  0x0000023dd1d09000 JavaThread "Incoming local TCP Connector on port 58298" [_thread_in_native, id=28956, stack(0x0000007830b00000,0x0000007830c00000)]
  0x0000023dd26a2000 JavaThread "Daemon periodic checks" [_thread_blocked, id=14972, stack(0x0000007830c00000,0x0000007830d00000)]
  0x0000023dd2110800 JavaThread "Daemon" [_thread_blocked, id=29968, stack(0x0000007830d00000,0x0000007830e00000)]
  0x0000023dd1b35800 JavaThread "Handler for socket connection from /127.0.0.1:58298 to /127.0.0.1:58299" [_thread_in_native, id=27176, stack(0x0000007830e00000,0x0000007830f00000)]
  0x0000023dd16c8000 JavaThread "Cancel handler" [_thread_blocked, id=34140, stack(0x0000007830f00000,0x0000007831000000)]
  0x0000023dd1be8800 JavaThread "Daemon worker" [_thread_in_vm, id=34160, stack(0x0000007831000000,0x0000007831100000)]
  0x0000023dd2752800 JavaThread "Asynchronous log dispatcher for DefaultDaemonConnection: socket connection from /127.0.0.1:58298 to /127.0.0.1:58299" [_thread_blocked, id=29856, stack(0x0000007831100000,0x0000007831200000)]
  0x0000023dd130b000 JavaThread "Stdin handler" [_thread_blocked, id=30760, stack(0x0000007831200000,0x0000007831300000)]
  0x0000023dd1dd4800 JavaThread "Thread-8" [_thread_blocked, id=11068, stack(0x0000007831300000,0x0000007831400000)]
  0x0000023dd2819800 JavaThread "Cache worker for journal cache (C:\Users\Ayoola_M\.gradle\caches\journal-1)" [_thread_blocked, id=26492, stack(0x0000007831600000,0x0000007831700000)]
  0x0000023dd2818800 JavaThread "File lock request listener" [_thread_in_native, id=26036, stack(0x0000007831700000,0x0000007831800000)]
  0x0000023dd2813800 JavaThread "Cache worker for file hash cache (C:\Users\Ayoola_M\.gradle\caches\6.1.1\fileHashes)" [_thread_blocked, id=23888, stack(0x0000007831800000,0x0000007831900000)]
  0x0000023dd2815000 JavaThread "Cache worker for checksums cache (C:\Users\Ayoola_M\AndroidStudioProjects\MVVMArchitecure\.gradle\checksums)" [_thread_blocked, id=31228, stack(0x0000007831900000,0x0000007831a00000)]
  0x0000023dd2814800 JavaThread "Cache worker for file hash cache (C:\Users\Ayoola_M\AndroidStudioProjects\MVVMArchitecure\.gradle\6.1.1\fileHashes)" [_thread_blocked, id=34464, stack(0x0000007831a00000,0x0000007831b00000)]
  0x0000023dd2817800 JavaThread "Cache worker for cache directory md-supplier (C:\Users\Ayoola_M\.gradle\caches\6.1.1\md-supplier)" [_thread_blocked, id=28256, stack(0x0000007831b00000,0x0000007831c00000)]
  0x0000023dd281a000 JavaThread "Cache worker for cache directory md-rule (C:\Users\Ayoola_M\.gradle\caches\6.1.1\md-rule)" [_thread_blocked, id=16812, stack(0x0000007831c00000,0x0000007831d00000)]
  0x0000023dd2816000 JavaThread "Cache worker for execution history cache (C:\Users\Ayoola_M\.gradle\caches\6.1.1\executionHistory)" [_thread_blocked, id=19704, stack(0x0000007831d00000,0x0000007831e00000)]
  0x0000023dd4330000 JavaThread "Build operations" [_thread_blocked, id=27412, stack(0x0000007831e00000,0x0000007831f00000)]
  0x0000023dd4336800 JavaThread "Build operations Thread 2" [_thread_blocked, id=24688, stack(0x0000007831f00000,0x0000007832000000)]
  0x0000023dd4330800 JavaThread "Build operations Thread 3" [_thread_blocked, id=11468, stack(0x0000007832000000,0x0000007832100000)]
  0x0000023dd4337000 JavaThread "Build operations Thread 4" [_thread_blocked, id=26204, stack(0x0000007832100000,0x0000007832200000)]
  0x0000023dd4338000 JavaThread "Cache worker for Build Output Cleanup Cache (C:\Users\Ayoola_M\AndroidStudioProjects\MVVMArchitecure\.gradle\buildOutputCleanup)" [_thread_blocked, id=28740, stack(0x0000007832400000,0x0000007832500000)]

Other Threads:
  0x0000023db23a5000 VMThread "VM Thread" [stack: 0x000000782fe00000,0x000000782ff00000] [id=32264]
  0x0000023dd11f0800 WatcherThread [stack: 0x0000007830800000,0x0000007830900000] [id=33540]
  0x0000023db231a000 GCTaskThread "GC Thread#0" [stack: 0x000000782f900000,0x000000782fa00000] [id=23964]
  0x0000023dd1337000 GCTaskThread "GC Thread#1" [stack: 0x0000007830900000,0x0000007830a00000] [id=31140]
  0x0000023dd13a1800 GCTaskThread "GC Thread#2" [stack: 0x0000007831400000,0x0000007831500000] [id=584]
  0x0000023dd21e9800 GCTaskThread "GC Thread#3" [stack: 0x0000007831500000,0x0000007831600000] [id=12708]
  0x0000023db2327800 ConcurrentGCThread "G1 Main Marker" [stack: 0x000000782fa00000,0x000000782fb00000] [id=26832]
  0x0000023db2329800 ConcurrentGCThread "G1 Conc#0" [stack: 0x000000782fb00000,0x000000782fc00000] [id=23624]
  0x0000023db2384800 ConcurrentGCThread "G1 Refine#0" [stack: 0x000000782fc00000,0x000000782fd00000] [id=2068]
  0x0000023db2385800 ConcurrentGCThread "G1 Young RemSet Sampling" [stack: 0x000000782fd00000,0x000000782fe00000] [id=24796]

Threads with active compile tasks:
C2 CompilerThread0  4701       4       org.objectweb.asm.Frame::execute (2318 bytes)

VM state:not at safepoint (normal execution)

VM Mutex/Monitor currently owned by a thread: None

Heap address: 0x0000000080000000, size: 2048 MB, Compressed Oops mode: 32-bit
Narrow klass base: 0x0000000800000000, Narrow klass shift: 3
Compressed class space size: 1073741824 Address: 0x0000000801190000

Heap:
 garbage-first heap   total 92160K, used 65900K [0x0000000080000000, 0x0000000100000000)
  region size 1024K, 18 young (18432K), 3 survivors (3072K)
 Metaspace       used 45614K, capacity 46789K, committed 46972K, reserved 1089536K
  class space    used 6096K, capacity 6488K, committed 6604K, reserved 1048576K
Heap Regions: E=young(eden), S=young(survivor), O=old, HS=humongous(starts), HC=humongous(continues), CS=collection set, F=free, A=archive, TAMS=top-at-mark-start (previous, next)
|   0|0x0000000080000000, 0x0000000080100000, 0x0000000080100000|100%| O|  |TAMS 0x0000000080100000, 0x0000000080000000| Untracked 
|   1|0x0000000080100000, 0x0000000080200000, 0x0000000080200000|100%| O|  |TAMS 0x0000000080200000, 0x0000000080100000| Untracked 
|   2|0x0000000080200000, 0x0000000080300000, 0x0000000080300000|100%| O|  |TAMS 0x0000000080300000, 0x0000000080200000| Untracked 
|   3|0x0000000080300000, 0x0000000080400000, 0x0000000080400000|100%|HS|  |TAMS 0x0000000080400000, 0x0000000080300000| Complete 
|   4|0x0000000080400000, 0x0000000080500000, 0x0000000080500000|100%|HC|  |TAMS 0x0000000080500000, 0x0000000080400000| Complete 
|   5|0x0000000080500000, 0x0000000080600000, 0x0000000080600000|100%|HC|  |TAMS 0x0000000080600000, 0x0000000080500000| Complete 
|   6|0x0000000080600000, 0x0000000080700000, 0x0000000080700000|100%| O|  |TAMS 0x0000000080700000, 0x0000000080600000| Untracked 
|   7|0x0000000080700000, 0x0000000080800000, 0x0000000080800000|100%| O|  |TAMS 0x0000000080800000, 0x0000000080700000| Untracked 
|   8|0x0000000080800000, 0x0000000080900000, 0x0000000080900000|100%| O|  |TAMS 0x0000000080900000, 0x0000000080800000| Untracked 
|   9|0x0000000080900000, 0x0000000080a00000, 0x0000000080a00000|100%| O|  |TAMS 0x0000000080a00000, 0x0000000080900000| Untracked 
|  10|0x0000000080a00000, 0x0000000080b00000, 0x0000000080b00000|100%| O|  |TAMS 0x0000000080b00000, 0x0000000080a00000| Untracked 
|  11|0x0000000080b00000, 0x0000000080c00000, 0x0000000080c00000|100%| O|  |TAMS 0x0000000080c00000, 0x0000000080b00000| Untracked 
|  12|0x0000000080c00000, 0x0000000080d00000, 0x0000000080d00000|100%| O|  |TAMS 0x0000000080d00000, 0x0000000080c00000| Untracked 
|  13|0x0000000080d00000, 0x0000000080e00000, 0x0000000080e00000|100%| O|  |TAMS 0x0000000080e00000, 0x0000000080d00000| Untracked 
|  14|0x0000000080e00000, 0x0000000080f00000, 0x0000000080f00000|100%| O|  |TAMS 0x0000000080f00000, 0x0000000080e00000| Untracked 
|  15|0x0000000080f00000, 0x0000000081000000, 0x0000000081000000|100%| O|  |TAMS 0x0000000081000000, 0x0000000080f00000| Untracked 
|  16|0x0000000081000000, 0x0000000081100000, 0x0000000081100000|100%|HS|  |TAMS 0x0000000081100000, 0x0000000081000000| Complete 
|  17|0x0000000081100000, 0x0000000081200000, 0x0000000081200000|100%|HC|  |TAMS 0x0000000081200000, 0x0000000081100000| Complete 
|  18|0x0000000081200000, 0x0000000081300000, 0x0000000081300000|100%|HS|  |TAMS 0x0000000081300000, 0x0000000081200000| Complete 
|  19|0x0000000081300000, 0x0000000081400000, 0x0000000081400000|100%|HC|  |TAMS 0x0000000081400000, 0x0000000081300000| Complete 
|  20|0x0000000081400000, 0x0000000081500000, 0x0000000081500000|100%|HC|  |TAMS 0x0000000081500000, 0x0000000081400000| Complete 
|  21|0x0000000081500000, 0x0000000081600000, 0x0000000081600000|100%|HS|  |TAMS 0x0000000081600000, 0x0000000081500000| Complete 
|  22|0x0000000081600000, 0x0000000081700000, 0x0000000081700000|100%|HC|  |TAMS 0x0000000081700000, 0x0000000081600000| Complete 
|  23|0x0000000081700000, 0x0000000081800000, 0x0000000081800000|100%|HC|  |TAMS 0x0000000081800000, 0x0000000081700000| Complete 
|  24|0x0000000081800000, 0x0000000081900000, 0x0000000081900000|100%|HC|  |TAMS 0x0000000081900000, 0x0000000081800000| Complete 
|  25|0x0000000081900000, 0x0000000081a00000, 0x0000000081a00000|100%| O|  |TAMS 0x0000000081a00000, 0x0000000081900000| Untracked 
|  26|0x0000000081a00000, 0x0000000081b00000, 0x0000000081b00000|100%| O|  |TAMS 0x0000000081b00000, 0x0000000081a00000| Untracked 
|  27|0x0000000081b00000, 0x0000000081c00000, 0x0000000081c00000|100%| O|  |TAMS 0x0000000081c00000, 0x0000000081b00000| Untracked 
|  28|0x0000000081c00000, 0x0000000081d00000, 0x0000000081d00000|100%| O|  |TAMS 0x0000000081d00000, 0x0000000081c00000| Untracked 
|  29|0x0000000081d00000, 0x0000000081e00000, 0x0000000081e00000|100%| O|  |TAMS 0x0000000081e00000, 0x0000000081d00000| Untracked 
|  30|0x0000000081e00000, 0x0000000081f00000, 0x0000000081f00000|100%| O|  |TAMS 0x0000000081f00000, 0x0000000081e00000| Untracked 
|  31|0x0000000081f00000, 0x0000000082000000, 0x0000000082000000|100%| O|  |TAMS 0x0000000082000000, 0x0000000081f00000| Untracked 
|  32|0x0000000082000000, 0x0000000082100000, 0x0000000082100000|100%| O|  |TAMS 0x0000000082100000, 0x0000000082000000| Untracked 
|  33|0x0000000082100000, 0x0000000082200000, 0x0000000082200000|100%| O|  |TAMS 0x0000000082200000, 0x0000000082100000| Untracked 
|  34|0x0000000082200000, 0x0000000082300000, 0x0000000082300000|100%| O|  |TAMS 0x0000000082300000, 0x0000000082200000| Untracked 
|  35|0x0000000082300000, 0x0000000082400000, 0x0000000082400000|100%| O|  |TAMS 0x0000000082400000, 0x0000000082300000| Untracked 
|  36|0x0000000082400000, 0x0000000082500000, 0x0000000082500000|100%| O|  |TAMS 0x0000000082500000, 0x0000000082400000| Untracked 
|  37|0x0000000082500000, 0x0000000082600000, 0x0000000082600000|100%|HS|  |TAMS 0x0000000082600000, 0x0000000082500000| Complete 
|  38|0x0000000082600000, 0x0000000082700000, 0x0000000082700000|100%|HC|  |TAMS 0x0000000082700000, 0x0000000082600000| Complete 
|  39|0x0000000082700000, 0x0000000082800000, 0x0000000082800000|100%|HC|  |TAMS 0x0000000082800000, 0x0000000082700000| Complete 
|  40|0x0000000082800000, 0x0000000082900000, 0x0000000082900000|100%| O|  |TAMS 0x0000000082900000, 0x0000000082800000| Untracked 
|  41|0x0000000082900000, 0x0000000082a00000, 0x0000000082a00000|100%| O|  |TAMS 0x0000000082a00000, 0x0000000082900000| Untracked 
|  42|0x0000000082a00000, 0x0000000082b00000, 0x0000000082b00000|100%|HS|  |TAMS 0x0000000082b00000, 0x0000000082a00000| Complete 
|  43|0x0000000082b00000, 0x0000000082c00000, 0x0000000082c00000|100%|HC|  |TAMS 0x0000000082c00000, 0x0000000082b00000| Complete 
|  44|0x0000000082c00000, 0x0000000082d00000, 0x0000000082d00000|100%| O|  |TAMS 0x0000000082d00000, 0x0000000082c00000| Untracked 
|  45|0x0000000082d00000, 0x0000000082e00000, 0x0000000082e00000|100%| O|  |TAMS 0x0000000082e00000, 0x0000000082d00000| Untracked 
|  46|0x0000000082e00000, 0x0000000082f00000, 0x0000000082f00000|100%| O|  |TAMS 0x0000000082f00000, 0x0000000082e00000| Untracked 
|  47|0x0000000082f00000, 0x0000000083000000, 0x0000000083000000|100%| O|  |TAMS 0x0000000083000000, 0x0000000082f00000| Untracked 
|  48|0x0000000083000000, 0x000000008305b200, 0x0000000083100000| 35%| O|  |TAMS 0x000000008304cc00, 0x0000000083000000| Untracked 
|  49|0x0000000083100000, 0x0000000083100000, 0x0000000083200000|  0%| F|  |TAMS 0x0000000083100000, 0x0000000083100000| Untracked 
|  50|0x0000000083200000, 0x0000000083200000, 0x0000000083300000|  0%| F|  |TAMS 0x0000000083200000, 0x0000000083200000| Untracked 
|  51|0x0000000083300000, 0x0000000083300000, 0x0000000083400000|  0%| F|  |TAMS 0x0000000083300000, 0x0000000083300000| Untracked 
|  52|0x0000000083400000, 0x0000000083400000, 0x0000000083500000|  0%| F|  |TAMS 0x0000000083400000, 0x0000000083400000| Untracked 
|  53|0x0000000083500000, 0x0000000083500000, 0x0000000083600000|  0%| F|  |TAMS 0x0000000083500000, 0x0000000083500000| Untracked 
|  54|0x0000000083600000, 0x0000000083600000, 0x0000000083700000|  0%| F|  |TAMS 0x0000000083600000, 0x0000000083600000| Untracked 
|  55|0x0000000083700000, 0x0000000083700000, 0x0000000083800000|  0%| F|  |TAMS 0x0000000083700000, 0x0000000083700000| Untracked 
|  56|0x0000000083800000, 0x0000000083800000, 0x0000000083900000|  0%| F|  |TAMS 0x0000000083800000, 0x0000000083800000| Untracked 
|  57|0x0000000083900000, 0x0000000083900000, 0x0000000083a00000|  0%| F|  |TAMS 0x0000000083900000, 0x0000000083900000| Untracked 
|  58|0x0000000083a00000, 0x0000000083a00000, 0x0000000083b00000|  0%| F|  |TAMS 0x0000000083a00000, 0x0000000083a00000| Untracked 
|  59|0x0000000083b00000, 0x0000000083b00000, 0x0000000083c00000|  0%| F|  |TAMS 0x0000000083b00000, 0x0000000083b00000| Untracked 
|  60|0x0000000083c00000, 0x0000000083c00000, 0x0000000083d00000|  0%| F|  |TAMS 0x0000000083c00000, 0x0000000083c00000| Untracked 
|  61|0x0000000083d00000, 0x0000000083d00000, 0x0000000083e00000|  0%| F|  |TAMS 0x0000000083d00000, 0x0000000083d00000| Untracked 
|  62|0x0000000083e00000, 0x0000000083e00000, 0x0000000083f00000|  0%| F|  |TAMS 0x0000000083e00000, 0x0000000083e00000| Untracked 
|  63|0x0000000083f00000, 0x0000000083f00000, 0x0000000084000000|  0%| F|  |TAMS 0x0000000083f00000, 0x0000000083f00000| Untracked 
|  64|0x0000000084000000, 0x0000000084000000, 0x0000000084100000|  0%| F|  |TAMS 0x0000000084000000, 0x0000000084000000| Untracked 
|  65|0x0000000084100000, 0x0000000084100000, 0x0000000084200000|  0%| F|  |TAMS 0x0000000084100000, 0x0000000084100000| Untracked 
|  66|0x0000000084200000, 0x0000000084300000, 0x0000000084300000|100%| S|CS|TAMS 0x0000000084200000, 0x0000000084200000| Complete 
|  67|0x0000000084300000, 0x0000000084400000, 0x0000000084400000|100%| S|CS|TAMS 0x0000000084300000, 0x0000000084300000| Complete 
|  68|0x0000000084400000, 0x0000000084500000, 0x0000000084500000|100%| S|CS|TAMS 0x0000000084400000, 0x0000000084400000| Complete 
|  69|0x0000000084500000, 0x0000000084500000, 0x0000000084600000|  0%| F|  |TAMS 0x0000000084500000, 0x0000000084500000| Untracked 
|  70|0x0000000084600000, 0x0000000084600000, 0x0000000084700000|  0%| F|  |TAMS 0x0000000084600000, 0x0000000084600000| Untracked 
|  71|0x0000000084700000, 0x0000000084700000, 0x0000000084800000|  0%| F|  |TAMS 0x0000000084700000, 0x0000000084700000| Untracked 
|  72|0x0000000084800000, 0x0000000084800000, 0x0000000084900000|  0%| F|  |TAMS 0x0000000084800000, 0x0000000084800000| Untracked 
|  73|0x0000000084900000, 0x0000000084900000, 0x0000000084a00000|  0%| F|  |TAMS 0x0000000084900000, 0x0000000084900000| Untracked 
|  74|0x0000000084a00000, 0x0000000084a51758, 0x0000000084b00000| 31%| E|  |TAMS 0x0000000084a00000, 0x0000000084a00000| Complete 
|  75|0x0000000084b00000, 0x0000000084c00000, 0x0000000084c00000|100%| E|CS|TAMS 0x0000000084b00000, 0x0000000084b00000| Complete 
|  76|0x0000000084c00000, 0x0000000084d00000, 0x0000000084d00000|100%| E|CS|TAMS 0x0000000084c00000, 0x0000000084c00000| Complete 
|  77|0x0000000084d00000, 0x0000000084e00000, 0x0000000084e00000|100%| E|CS|TAMS 0x0000000084d00000, 0x0000000084d00000| Complete 
|  78|0x0000000084e00000, 0x0000000084f00000, 0x0000000084f00000|100%| E|CS|TAMS 0x0000000084e00000, 0x0000000084e00000| Complete 
|  79|0x0000000084f00000, 0x0000000085000000, 0x0000000085000000|100%| E|  |TAMS 0x0000000084f00000, 0x0000000084f00000| Complete 
|  80|0x0000000085000000, 0x0000000085100000, 0x0000000085100000|100%| E|CS|TAMS 0x0000000085000000, 0x0000000085000000| Complete 
|  81|0x0000000085100000, 0x0000000085200000, 0x0000000085200000|100%| E|CS|TAMS 0x0000000085100000, 0x0000000085100000| Complete 
|  82|0x0000000085200000, 0x0000000085300000, 0x0000000085300000|100%| E|CS|TAMS 0x0000000085200000, 0x0000000085200000| Complete 
|  83|0x0000000085300000, 0x0000000085400000, 0x0000000085400000|100%| E|CS|TAMS 0x0000000085300000, 0x0000000085300000| Complete 
|  84|0x0000000085400000, 0x0000000085500000, 0x0000000085500000|100%| E|CS|TAMS 0x0000000085400000, 0x0000000085400000| Complete 
|  85|0x0000000085500000, 0x0000000085600000, 0x0000000085600000|100%| E|CS|TAMS 0x0000000085500000, 0x0000000085500000| Complete 
|  86|0x0000000085600000, 0x0000000085700000, 0x0000000085700000|100%| E|CS|TAMS 0x0000000085600000, 0x0000000085600000| Complete 
|  87|0x0000000085700000, 0x0000000085800000, 0x0000000085800000|100%| E|CS|TAMS 0x0000000085700000, 0x0000000085700000| Complete 
|  88|0x0000000085800000, 0x0000000085900000, 0x0000000085900000|100%| E|CS|TAMS 0x0000000085800000, 0x0000000085800000| Complete 
|  89|0x0000000085900000, 0x0000000085a00000, 0x0000000085a00000|100%| E|CS|TAMS 0x0000000085900000, 0x0000000085900000| Complete 

Card table byte_map: [0x0000023dc9ae0000,0x0000023dc9ee0000] _byte_map_base: 0x0000023dc96e0000

Marking Bits (Prev, Next): (CMBitMap*) 0x0000023db231ac38, (CMBitMap*) 0x0000023db231ac78
 Prev Bits: [0x0000023dca2e0000, 0x0000023dcc2e0000)
 Next Bits: [0x0000023dcc2e0000, 0x0000023dce2e0000)

Polling page: 0x0000023db02b0000

Metaspace:

Usage:
  Non-class:     39.36 MB capacity,    38.60 MB ( 98%) used,   683.55 KB (  2%) free+waste,    95.00 KB ( <1%) overhead. 
      Class:      6.34 MB capacity,     5.96 MB ( 94%) used,   343.32 KB (  5%) free+waste,    45.50 KB ( <1%) overhead. 
       Both:     45.69 MB capacity,    44.55 MB ( 98%) used,     1.00 MB (  2%) free+waste,   140.50 KB ( <1%) overhead. 

Virtual space:
  Non-class space:       40.00 MB reserved,      39.42 MB ( 99%) committed 
      Class space:        1.00 GB reserved,       6.45 MB ( <1%) committed 
             Both:        1.04 GB reserved,      45.87 MB (  4%) committed 

Chunk freelists:
   Non-Class:  384 bytes
       Class:  1.00 KB
        Both:  1.38 KB

CodeHeap 'non-profiled nmethods': size=120064Kb used=2528Kb max_used=2528Kb free=117536Kb
 bounds [0x0000023dc21a0000, 0x0000023dc2420000, 0x0000023dc96e0000]
CodeHeap 'profiled nmethods': size=120000Kb used=10196Kb max_used=10196Kb free=109803Kb
 bounds [0x0000023dbac70000, 0x0000023dbb670000, 0x0000023dc21a0000]
CodeHeap 'non-nmethods': size=5696Kb used=2249Kb max_used=2292Kb free=3447Kb
 bounds [0x0000023dba6e0000, 0x0000023dba950000, 0x0000023dbac70000]
 total_blobs=6592 nmethods=4529 adapters=730
 compilation: enabled
              stopped_count=0, restarted_count=0
 full_count=0

Compilation events (10 events):
Event: 51.536 Thread 0x0000023dd0796800 4764       3       org.objectweb.asm.Frame::addInitializedType (77 bytes)
Event: 51.536 Thread 0x0000023dd0796800 nmethod 4764 0x0000023dbb667410 code [0x0000023dbb667600, 0x0000023dbb667bd0]
Event: 51.548 Thread 0x0000023dd0796800 4765  s    3       org.gradle.internal.classloader.VisitableURLClassLoader::getUserData (48 bytes)
Event: 51.549 Thread 0x0000023dd0796800 nmethod 4765 0x0000023dbb667d90 code [0x0000023dbb667fa0, 0x0000023dbb668720]
Event: 51.777 Thread 0x0000023dd0792800 nmethod 4700 0x0000023dc2409a10 code [0x0000023dc2409e80, 0x0000023dc2411a78]
Event: 51.777 Thread 0x0000023dd0792800 4717       4       org.objectweb.asm.ByteVector::putUTF8 (144 bytes)
Event: 51.802 Thread 0x0000023dd0792800 nmethod 4717 0x0000023dc2415a90 code [0x0000023dc2415c60, 0x0000023dc24164d8]
Event: 51.803 Thread 0x0000023dd0792800 4703       4       org.objectweb.asm.SymbolTable::addConstantUtf8 (98 bytes)
Event: 51.896 Thread 0x0000023dd0792800 nmethod 4703 0x0000023dc2416890 code [0x0000023dc2416a80, 0x0000023dc24178f8]
Event: 51.896 Thread 0x0000023dd0792800 4701       4       org.objectweb.asm.Frame::execute (2318 bytes)

GC Heap History (10 events):
Event: 45.266 GC heap before
{Heap before GC invocations=27 (full 0):
 garbage-first heap   total 80896K, used 58520K [0x0000000080000000, 0x0000000100000000)
  region size 1024K, 13 young (13312K), 2 survivors (2048K)
 Metaspace       used 36126K, capacity 37264K, committed 37500K, reserved 1081344K
  class space    used 4948K, capacity 5279K, committed 5324K, reserved 1048576K
}
Event: 45.281 GC heap after
{Heap after GC invocations=28 (full 0):
 garbage-first heap   total 80896K, used 48881K [0x0000000080000000, 0x0000000100000000)
  region size 1024K, 1 young (1024K), 1 survivors (1024K)
 Metaspace       used 36126K, capacity 37264K, committed 37500K, reserved 1081344K
  class space    used 4948K, capacity 5279K, committed 5324K, reserved 1048576K
}
Event: 47.085 GC heap before
{Heap before GC invocations=29 (full 0):
 garbage-first heap   total 86016K, used 59121K [0x0000000080000000, 0x0000000100000000)
  region size 1024K, 12 young (12288K), 1 survivors (1024K)
 Metaspace       used 38621K, capacity 39757K, committed 39932K, reserved 1083392K
  class space    used 5255K, capacity 5598K, committed 5708K, reserved 1048576K
}
Event: 47.089 GC heap after
{Heap after GC invocations=30 (full 0):
 garbage-first heap   total 86016K, used 49562K [0x0000000080000000, 0x0000000100000000)
  region size 1024K, 2 young (2048K), 2 survivors (2048K)
 Metaspace       used 38621K, capacity 39757K, committed 39932K, reserved 1083392K
  class space    used 5255K, capacity 5598K, committed 5708K, reserved 1048576K
}
Event: 47.858 GC heap before
{Heap before GC invocations=30 (full 0):
 garbage-first heap   total 86016K, used 61850K [0x0000000080000000, 0x0000000100000000)
  region size 1024K, 15 young (15360K), 2 survivors (2048K)
 Metaspace       used 40843K, capacity 42011K, committed 42236K, reserved 1085440K
  class space    used 5471K, capacity 5859K, committed 5964K, reserved 1048576K
}
Event: 47.868 GC heap after
{Heap after GC invocations=31 (full 0):
 garbage-first heap   total 86016K, used 49946K [0x0000000080000000, 0x0000000100000000)
  region size 1024K, 2 young (2048K), 2 survivors (2048K)
 Metaspace       used 40843K, capacity 42011K, committed 42236K, reserved 1085440K
  class space    used 5471K, capacity 5859K, committed 5964K, reserved 1048576K
}
Event: 49.965 GC heap before
{Heap before GC invocations=32 (full 0):
 garbage-first heap   total 89088K, used 64282K [0x0000000080000000, 0x0000000100000000)
  region size 1024K, 16 young (16384K), 2 survivors (2048K)
 Metaspace       used 42455K, capacity 43574K, committed 43772K, reserved 1087488K
  class space    used 5723K, capacity 6128K, committed 6220K, reserved 1048576K
}
Event: 49.971 GC heap after
{Heap after GC invocations=33 (full 0):
 garbage-first heap   total 89088K, used 50551K [0x0000000080000000, 0x0000000100000000)
  region size 1024K, 2 young (2048K), 2 survivors (2048K)
 Metaspace       used 42455K, capacity 43574K, committed 43772K, reserved 1087488K
  class space    used 5723K, capacity 6128K, committed 6220K, reserved 1048576K
}
Event: 50.615 GC heap before
{Heap before GC invocations=33 (full 0):
 garbage-first heap   total 89088K, used 65911K [0x0000000080000000, 0x0000000100000000)
  region size 1024K, 18 young (18432K), 2 survivors (2048K)
 Metaspace       used 44025K, capacity 45145K, committed 45436K, reserved 1089536K
  class space    used 5888K, capacity 6289K, committed 6348K, reserved 1048576K
}
Event: 50.621 GC heap after
{Heap after GC invocations=34 (full 0):
 garbage-first heap   total 89088K, used 52588K [0x0000000080000000, 0x0000000100000000)
  region size 1024K, 3 young (3072K), 3 survivors (3072K)
 Metaspace       used 44025K, capacity 45145K, committed 45436K, reserved 1089536K
  class space    used 5888K, capacity 6289K, committed 6348K, reserved 1048576K
}

Deoptimization events (10 events):
Event: 50.304 Thread 0x0000023dd1be8800 Uncommon trap: reason=unstable_if action=reinterpret pc=0x0000023dc23ad4b0 method=java.util.jar.JarFile.maybeInstantiateVerifier()V @ 4 c2
Event: 50.304 Thread 0x0000023dd1be8800 Uncommon trap: reason=unstable_if action=reinterpret pc=0x0000023dc23e3374 method=java.security.CodeSource.<init>(Ljava/net/URL;[Ljava/security/CodeSigner;)V @ 37 c2
Event: 50.305 Thread 0x0000023dd1be8800 Uncommon trap: reason=unstable_if action=reinterpret pc=0x0000023dc22b7920 method=java.security.CodeSource.getCertificates()[Ljava/security/cert/Certificate; @ 22 c2
Event: 50.305 Thread 0x0000023dd1be8800 Uncommon trap: reason=unstable_if action=reinterpret pc=0x0000023dc224a780 method=java.util.jar.JarFile.maybeInstantiateVerifier()V @ 4 c2
Event: 50.306 Thread 0x0000023dd1be8800 Uncommon trap: reason=unstable_if action=reinterpret pc=0x0000023dc23ae134 method=java.util.jar.JarFile.maybeInstantiateVerifier()V @ 4 c2
Event: 50.306 Thread 0x0000023dd1be8800 Uncommon trap: reason=unstable_if action=reinterpret pc=0x0000023dc234f1a0 method=java.security.CodeSource.matchCerts(Ljava/security/CodeSource;Z)Z @ 11 c2
Event: 50.306 Thread 0x0000023dd1be8800 Uncommon trap: reason=unstable_if action=reinterpret pc=0x0000023dc23e3f90 method=java.lang.ClassLoader.compareCerts([Ljava/security/cert/Certificate;[Ljava/security/cert/Certificate;)Z @ 1 c2
Event: 50.307 Thread 0x0000023dd1be8800 Uncommon trap: reason=unstable_if action=reinterpret pc=0x0000023dc2353b30 method=java.security.CodeSource.getCertificates()[Ljava/security/cert/Certificate; @ 4 c2
Event: 50.382 Thread 0x0000023dd1be8800 Uncommon trap: reason=unstable_if action=reinterpret pc=0x0000023dc236a7c4 method=java.util.LinkedHashMap.get(Ljava/lang/Object;)Ljava/lang/Object; @ 20 c2
Event: 50.676 Thread 0x0000023dd1be8800 Uncommon trap: reason=unstable_fused_if action=reinterpret pc=0x0000023dc22b8484 method=org.objectweb.asm.ByteVector.putUTF8(Ljava/lang/String;)Lorg/objectweb/asm/ByteVector; @ 93 c2

Classes redefined (0 events):
No events

Internal exceptions (10 events):
Event: 48.722 Thread 0x0000023dd1be8800 Exception <a 'java/lang/NoSuchMethodError'{0x00000000851b33a8}: java.lang.invoke.DirectMethodHandle$Holder.invokeStatic(Ljava/lang/Object;Ljava/lang/Object;Ljava/lang/Object;Ljava/lang/Object;Ljava/lang/Object;Ljava/lang/Object;Ljava/lang/Object;Ljava/lan
Event: 48.739 Thread 0x0000023dd1be8800 Exception <a 'java/lang/NoSuchMethodError'{0x00000000851db7e8}: java.lang.invoke.DirectMethodHandle$Holder.invokeStatic(Ljava/lang/Object;Ljava/lang/Object;Ljava/lang/Object;Ljava/lang/Object;Ljava/lang/Object;Ljava/lang/Object;Ljava/lang/Object;Ljava/lan
Event: 48.746 Thread 0x0000023dd1be8800 Exception <a 'java/lang/NoSuchMethodError'{0x0000000085003db8}: java.lang.invoke.DirectMethodHandle$Holder.invokeStatic(Ljava/lang/Object;Ljava/lang/Object;Ljava/lang/Object;Ljava/lang/Object;Ljava/lang/Object;Ljava/lang/Object;Ljava/lang/Object;Ljava/lan
Event: 48.755 Thread 0x0000023dd1be8800 Exception <a 'java/lang/NoSuchMethodError'{0x000000008502d2f0}: java.lang.invoke.DirectMethodHandle$Holder.invokeStatic(Ljava/lang/Object;Ljava/lang/Object;Ljava/lang/Object;Ljava/lang/Object;Ljava/lang/Object;Ljava/lang/Object;Ljava/lang/Object;Ljava/lan
Event: 48.880 Thread 0x0000023dd1be8800 Exception <a 'java/lang/NoSuchMethodError'{0x0000000085059360}: java.lang.invoke.DirectMethodHandle$Holder.invokeStatic(Ljava/lang/Object;Ljava/lang/Object;Ljava/lang/Object;Ljava/lang/Object;Ljava/lang/Object;Ljava/lang/Object;Ljava/lang/Object;Ljava/lan
Event: 50.001 Thread 0x0000023dd1be8800 Implicit null exception at 0x0000023dc2282c1b to 0x0000023dc2282cf6
Event: 51.390 Thread 0x0000023dd1be8800 Exception <a 'java/lang/ClassNotFoundException'{0x00000000852faef0}: com/android/build/gradle/internal/api/DefaultAndroidSourceSet_DecoratedBeanInfo> (0x00000000852faef0) thrown at [t:/workspace/open/src/hotspot/share/classfile/systemDictionary.cpp, line 
Event: 51.392 Thread 0x0000023dd1be8800 Exception <a 'java/lang/ClassNotFoundException'{0x000000008510eeb8}: com/android/build/gradle/internal/api/DefaultAndroidSourceSetBeanInfo> (0x000000008510eeb8) thrown at [t:/workspace/open/src/hotspot/share/classfile/systemDictionary.cpp, line 235]
Event: 51.394 Thread 0x0000023dd1be8800 Exception <a 'java/lang/ClassNotFoundException'{0x00000000851229d8}: com/android/build/gradle/internal/api/DefaultAndroidSourceSetCustomizer> (0x00000000851229d8) thrown at [t:/workspace/open/src/hotspot/share/classfile/systemDictionary.cpp, line 235]
Event: 51.398 Thread 0x0000023dd1be8800 Exception <a 'java/lang/ClassNotFoundException'{0x00000000851689c8}: com/android/build/gradle/internal/api/DefaultAndroidSourceSet_DecoratedCustomizer> (0x00000000851689c8) thrown at [t:/workspace/open/src/hotspot/share/classfile/systemDictionary.cpp, lin

Events (10 events):
Event: 51.999 loading class com/android/build/gradle/tasks/CleanBuildCache$CreationAction
Event: 51.999 loading class com/android/build/gradle/tasks/CleanBuildCache$CreationAction done
Event: 52.006 loading class com/android/build/gradle/internal/scope/InternalArtifactType$LINT_PUBLISH_JAR
Event: 52.006 loading class com/android/build/gradle/internal/scope/InternalArtifactType$LINT_PUBLISH_JAR done
Event: 52.017 loading class com/android/build/gradle/internal/tasks/PrepareLintJar$CreationAction
Event: 52.017 loading class com/android/build/gradle/internal/tasks/PrepareLintJar$CreationAction done
Event: 52.018 loading class com/android/build/gradle/internal/tasks/PrepareLintJarForPublish$CreationAction
Event: 52.018 loading class com/android/build/gradle/internal/tasks/PrepareLintJarForPublish$CreationAction done
Event: 52.027 loading class com/android/build/gradle/tasks/PrepareKotlinCompileTask$CreationAction
Event: 52.027 loading class com/android/build/gradle/tasks/PrepareKotlinCompileTask$CreationAction done


Dynamic libraries:
0x00007ff781fc0000 - 0x00007ff781fcf000 	C:\Program Files\Java\jdk-12.0.2\bin\java.exe
0x00007ff88a320000 - 0x00007ff88a510000 	C:\WINDOWS\SYSTEM32\ntdll.dll
0x00007ff889f10000 - 0x00007ff889fc2000 	C:\WINDOWS\System32\KERNEL32.DLL
0x00007ff887e30000 - 0x00007ff8880d4000 	C:\WINDOWS\System32\KERNELBASE.dll
0x00007ff887460000 - 0x00007ff88755a000 	C:\WINDOWS\System32\ucrtbase.dll
0x00007ff879a70000 - 0x00007ff879a88000 	C:\Program Files\Java\jdk-12.0.2\bin\jli.dll
0x00007ff8888a0000 - 0x00007ff888943000 	C:\WINDOWS\System32\ADVAPI32.dll
0x00007ff889e70000 - 0x00007ff889f0e000 	C:\WINDOWS\System32\msvcrt.dll
0x00007ff889cb0000 - 0x00007ff889d47000 	C:\WINDOWS\System32\sechost.dll
0x00007ff888d00000 - 0x00007ff888e20000 	C:\WINDOWS\System32\RPCRT4.dll
0x00007ff879a50000 - 0x00007ff879a66000 	C:\Program Files\Java\jdk-12.0.2\bin\VCRUNTIME140.dll
0x00007ff888e20000 - 0x00007ff888fb4000 	C:\WINDOWS\System32\USER32.dll
0x00007ff8883a0000 - 0x00007ff8883c1000 	C:\WINDOWS\System32\win32u.dll
0x00007ff889070000 - 0x00007ff889096000 	C:\WINDOWS\System32\GDI32.dll
0x00007ff888160000 - 0x00007ff8882f4000 	C:\WINDOWS\System32\gdi32full.dll
0x00007ff888300000 - 0x00007ff88839e000 	C:\WINDOWS\System32\msvcp_win.dll
0x00007ff8710c0000 - 0x00007ff871344000 	C:\WINDOWS\WinSxS\amd64_microsoft.windows.common-controls_6595b64144ccf1df_6.0.18362.836_none_e6c4b943130f18ed\COMCTL32.dll
0x00007ff8889c0000 - 0x00007ff888cf6000 	C:\WINDOWS\System32\combase.dll
0x00007ff8880e0000 - 0x00007ff888160000 	C:\WINDOWS\System32\bcryptPrimitives.dll
0x00007ff882de0000 - 0x00007ff882dea000 	C:\WINDOWS\SYSTEM32\VERSION.dll
0x00007ff889e40000 - 0x00007ff889e6e000 	C:\WINDOWS\System32\IMM32.DLL
0x00007ff8799a0000 - 0x00007ff879a4a000 	C:\Program Files\Java\jdk-12.0.2\bin\msvcp140.dll
0x00007ff8412a0000 - 0x00007ff841e17000 	C:\Program Files\Java\jdk-12.0.2\bin\server\jvm.dll
0x00007ff88a1a0000 - 0x00007ff88a1a8000 	C:\WINDOWS\System32\PSAPI.DLL
0x00007ff883380000 - 0x00007ff8833a4000 	C:\WINDOWS\SYSTEM32\WINMM.dll
0x00007ff883e10000 - 0x00007ff883e19000 	C:\WINDOWS\SYSTEM32\WSOCK32.dll
0x00007ff889150000 - 0x00007ff8891bf000 	C:\WINDOWS\System32\WS2_32.dll
0x00007ff883350000 - 0x00007ff88337d000 	C:\WINDOWS\SYSTEM32\winmmbase.dll
0x00007ff8872b0000 - 0x00007ff8872fa000 	C:\WINDOWS\System32\cfgmgr32.dll
0x00007ff887260000 - 0x00007ff887271000 	C:\WINDOWS\System32\kernel.appcore.dll
0x00007ff866280000 - 0x00007ff866291000 	C:\Program Files\Java\jdk-12.0.2\bin\verify.dll
0x00007ff880600000 - 0x00007ff8807f4000 	C:\WINDOWS\SYSTEM32\DBGHELP.DLL
0x00007ff85d6b0000 - 0x00007ff85d6da000 	C:\WINDOWS\SYSTEM32\dbgcore.DLL
0x00007ff865180000 - 0x00007ff8651a6000 	C:\Program Files\Java\jdk-12.0.2\bin\java.dll
0x00007ff866260000 - 0x00007ff866277000 	C:\Program Files\Java\jdk-12.0.2\bin\zip.dll
0x00007ff87a270000 - 0x00007ff87a27a000 	C:\Program Files\Java\jdk-12.0.2\bin\jimage.dll
0x00007ff889370000 - 0x00007ff889a54000 	C:\WINDOWS\System32\SHELL32.dll
0x00007ff888fc0000 - 0x00007ff889069000 	C:\WINDOWS\System32\shcore.dll
0x00007ff887560000 - 0x00007ff887cde000 	C:\WINDOWS\System32\windows.storage.dll
0x00007ff887280000 - 0x00007ff8872a3000 	C:\WINDOWS\System32\profapi.dll
0x00007ff887210000 - 0x00007ff88725a000 	C:\WINDOWS\System32\powrprof.dll
0x00007ff8871e0000 - 0x00007ff8871f0000 	C:\WINDOWS\System32\UMPDC.dll
0x00007ff8883d0000 - 0x00007ff888422000 	C:\WINDOWS\System32\shlwapi.dll
0x00007ff887440000 - 0x00007ff887457000 	C:\WINDOWS\System32\cryptsp.dll
0x00007ff87db90000 - 0x00007ff87dba9000 	C:\Program Files\Java\jdk-12.0.2\bin\net.dll
0x00007ff8716e0000 - 0x00007ff8717d0000 	C:\WINDOWS\SYSTEM32\WINHTTP.dll
0x00007ff872ad0000 - 0x00007ff872ca6000 	C:\WINDOWS\SYSTEM32\urlmon.dll
0x00007ff872820000 - 0x00007ff872ac6000 	C:\WINDOWS\SYSTEM32\iertutil.dll
0x00007ff886c20000 - 0x00007ff886c2c000 	C:\WINDOWS\SYSTEM32\CRYPTBASE.DLL
0x00007ff886a50000 - 0x00007ff886ab7000 	C:\WINDOWS\system32\mswsock.dll
0x00007ff87db70000 - 0x00007ff87db83000 	C:\Program Files\Java\jdk-12.0.2\bin\nio.dll
0x00007ff85d430000 - 0x00007ff85d456000 	C:\Users\Ayoola_M\.gradle\native\31\windows-amd64\native-platform.dll
0x00007ff86aaf0000 - 0x00007ff86aaf9000 	C:\Program Files\Java\jdk-12.0.2\bin\management.dll
0x00007ff86aa10000 - 0x00007ff86aa1c000 	C:\Program Files\Java\jdk-12.0.2\bin\management_ext.dll
0x00007ff8865c0000 - 0x00007ff8865f3000 	C:\WINDOWS\system32\rsaenh.dll
0x00007ff887410000 - 0x00007ff887436000 	C:\WINDOWS\System32\bcrypt.dll
0x00007ff887100000 - 0x00007ff887125000 	C:\WINDOWS\SYSTEM32\USERENV.dll
0x00007ff886760000 - 0x00007ff88679a000 	C:\WINDOWS\SYSTEM32\IPHLPAPI.DLL
0x00007ff88a050000 - 0x00007ff88a058000 	C:\WINDOWS\System32\NSI.dll
0x00007ff87e7e0000 - 0x00007ff87e7f6000 	C:\WINDOWS\SYSTEM32\dhcpcsvc6.DLL
0x00007ff881680000 - 0x00007ff88169c000 	C:\WINDOWS\SYSTEM32\dhcpcsvc.DLL
0x00007ff8867b0000 - 0x00007ff88687b000 	C:\WINDOWS\SYSTEM32\DNSAPI.dll

dbghelp: loaded successfully - version: 4.0.5 - missing functions: none
symbol engine: initialized successfully - sym options: 0x614 - pdb path: .;C:\Program Files\Java\jdk-12.0.2\bin;C:\WINDOWS\SYSTEM32;C:\WINDOWS\WinSxS\amd64_microsoft.windows.common-controls_6595b64144ccf1df_6.0.18362.836_none_e6c4b943130f18ed;C:\Program Files\Java\jdk-12.0.2\bin\server;C:\Users\Ayoola_M\.gradle\native\31\windows-amd64

VM Arguments:
jvm_args: --add-opens=java.base/java.util=ALL-UNNAMED --add-opens=java.base/java.lang=ALL-UNNAMED --add-opens=java.base/java.lang.invoke=ALL-UNNAMED --add-opens=java.prefs/java.util.prefs=ALL-UNNAMED -Xmx2048m -Dfile.encoding=windows-1252 -Duser.country=GB -Duser.language=en -Duser.variant 
java_command: org.gradle.launcher.daemon.bootstrap.GradleDaemon 6.1.1
java_class_path (initial): C:\Users\Ayoola_M\.gradle\wrapper\dists\gradle-6.1.1-all\cfmwm155h49vnt3hynmlrsdst\gradle-6.1.1\lib\gradle-launcher-6.1.1.jar
Launcher Type: SUN_STANDARD

[Global flags]
     intx CICompilerCount                          = 3                                         {product} {ergonomic}
     uint ConcGCThreads                            = 1                                         {product} {ergonomic}
     uint G1ConcRefinementThreads                  = 4                                         {product} {ergonomic}
   size_t G1HeapRegionSize                         = 1048576                                   {product} {ergonomic}
    uintx GCDrainStackTargetSize                   = 64                                        {product} {ergonomic}
   size_t InitialHeapSize                          = 67108864                                  {product} {ergonomic}
   size_t MarkStackSize                            = 4194304                                   {product} {ergonomic}
   size_t MaxHeapSize                              = 2147483648                                {product} {command line}
   size_t MaxNewSize                               = 1287651328                                {product} {ergonomic}
   size_t MinHeapDeltaBytes                        = 1048576                                   {product} {ergonomic}
    uintx NonNMethodCodeHeapSize                   = 5830732                                {pd product} {ergonomic}
    uintx NonProfiledCodeHeapSize                  = 122913754                              {pd product} {ergonomic}
    uintx ProfiledCodeHeapSize                     = 122913754                              {pd product} {ergonomic}
    uintx ReservedCodeCacheSize                    = 251658240                              {pd product} {ergonomic}
     bool SegmentedCodeCache                       = true                                      {product} {ergonomic}
     bool UseCompressedClassPointers               = true                                 {lp64_product} {ergonomic}
     bool UseCompressedOops                        = true                                 {lp64_product} {ergonomic}
     bool UseG1GC                                  = true                                      {product} {ergonomic}
     bool UseLargePagesIndividualAllocation        = false                                  {pd product} {ergonomic}

Logging:
Log output configuration:
 #0: stdout all=warning uptime,level,tags
 #1: stderr all=off uptime,level,tags

Environment Variables:
JAVA_HOME=C:\Program Files\Java\jdk-12.0.2\bin
CLASSPATH=.;.;C:\PROGRA~2\JMF21~1.1E\lib\sound.jar;C:\PROGRA~2\JMF21~1.1E\lib\jmf.jar;C:\PROGRA~2\JMF21~1.1E\lib;
PATH=C:\Python27\;C:\Python27\Scripts;C:\Program Files\Java\jdk-12.0.2\bin;C:\Program Files\Microsoft VS Code\bin;C:\Program Files\nodejs\;C:\WINDOWS\system32;C:\WINDOWS;C:\WINDOWS\System32\Wbem;C:\WINDOWS\System32\WindowsPowerShell\v1.0\;C:\WINDOWS\System32\OpenSSH\;C:\ProgramData\chocolatey\bin;C:\Program Files\Java\jdk1.8.0_211\bin;C:\Program Files\SourceGear\Common\DiffMerge\;C:\Program Files\Git\cmd;C:\Users\Ayoola_M\AppData\Roaming\npm;%USERPROFILE%\AppData\Local\Microsoft\WindowsApps;
USERNAME=Ayoola_M
OS=Windows_NT
PROCESSOR_IDENTIFIER=Intel64 Family 6 Model 142 Stepping 10, GenuineIntel



---------------  S Y S T E M  ---------------

OS: Windows 10 , 64 bit Build 18362 (10.0.18362.778)

CPU:total 4 (initial active 4) (2 cores per cpu, 2 threads per core) family 6 model 142 stepping 10, cmov, cx8, fxsr, mmx, sse, sse2, sse3, ssse3, sse4.1, sse4.2, popcnt, aes, clmul, erms, 3dnowpref, lzcnt, ht, tsc, tscinvbit

Memory: 4k page, system-wide physical 3976M (144M free)
TotalPageFile size 16264M (AvailPageFile size 0M)
current process WorkingSet (physical memory assigned to process): 190M, peak: 195M
current process commit charge ("private bytes"): 273M, peak: 276M

vm_info: Java HotSpot(TM) 64-Bit Server VM (12.0.2+10) for windows-amd64 JRE (12.0.2+10), built on Jul 16 2019 01:56:17 by "mach5one" with MS VC++ 15.5 (VS2017)

END.
