#
# There is insufficient memory for the Java Runtime Environment to continue.
# Native memory allocation (malloc) failed to allocate 1036336 bytes for Chunk::new
# Possible reasons:
#   The system is out of physical RAM or swap space
#   The process is running with CompressedOops enabled, and the Java Heap may be blocking the growth of the native heap
# Possible solutions:
#   Reduce memory load on the system
#   Increase physical memory or swap space
#   Check if swap backing store is full
#   Decrease Java heap size (-Xmx/-Xms)
#   Decrease number of Java threads
#   Decrease Java thread stack sizes (-Xss)
#   Set larger code cache with -XX:ReservedCodeCacheSize=
#   JVM is running with Unscaled Compressed Oops mode in which the Java heap is
#     placed in the first 4GB address space. The Java Heap base address is the
#     maximum limit for the native heap growth. Please use -XX:HeapBaseMinAddress
#     to set the Java Heap base and to place the Java Heap above 4GB virtual address.
# This output file may be truncated or incomplete.
#
#  Out of Memory Error (t:/workspace/open/src/hotspot/share/memory/arena.cpp:197), pid=30336, tid=22848
#
# JRE version: Java(TM) SE Runtime Environment (12.0.2+10) (build 12.0.2+10)
# Java VM: Java HotSpot(TM) 64-Bit Server VM (12.0.2+10, mixed mode, sharing, tiered, compressed oops, g1 gc, windows-amd64)
# No core dump will be written. Minidumps are not enabled by default on client versions of Windows
#

---------------  S U M M A R Y ------------

Command Line: --add-opens=java.base/java.util=ALL-UNNAMED --add-opens=java.base/java.lang=ALL-UNNAMED --add-opens=java.base/java.lang.invoke=ALL-UNNAMED --add-opens=java.prefs/java.util.prefs=ALL-UNNAMED -Xmx2048m -Dfile.encoding=windows-1252 -Duser.country=GB -Duser.language=en -Duser.variant org.gradle.launcher.daemon.bootstrap.GradleDaemon 6.1.1

Host: Intel(R) Pentium(R) CPU 4417U @ 2.30GHz, 4 cores, 3G,  Windows 10 , 64 bit Build 18362 (10.0.18362.778)
Time: Wed Jul  1 13:14:46 2020 W. Central Africa Standard Time elapsed time: 54 seconds (0d 0h 0m 54s)

---------------  T H R E A D  ---------------

Current thread (0x000001d2ac5eb800):  JavaThread "C2 CompilerThread0" daemon [_thread_in_native, id=22848, stack(0x0000008741a00000,0x0000008741b00000)]


Current CompileTask:
C2:  54336 5984 %     4       org.gradle.internal.instantiation.generator.AbstractClassGenerator::inspectType @ 107 (559 bytes)

Stack: [0x0000008741a00000,0x0000008741b00000]
Native frames: (J=compiled Java code, j=interpreted, Vv=VM code, C=native code)
V  [jvm.dll+0x63aa2a]
V  [jvm.dll+0x78ce1e]
V  [jvm.dll+0x78e4c1]
V  [jvm.dll+0x78eb13]
V  [jvm.dll+0x2627e8]
V  [jvm.dll+0xc55cc]
V  [jvm.dll+0xc5b4c]
V  [jvm.dll+0x2d4034]
V  [jvm.dll+0x5569ad]
V  [jvm.dll+0x21dd77]
V  [jvm.dll+0x21b2b6]
V  [jvm.dll+0x199a20]
V  [jvm.dll+0x22a744]
V  [jvm.dll+0x228d98]
V  [jvm.dll+0x7512a0]
V  [jvm.dll+0x74a2c8]
V  [jvm.dll+0x639b16]
C  [ucrtbase.dll+0x20e82]
C  [KERNEL32.DLL+0x17bd4]
C  [ntdll.dll+0x6ce51]


---------------  P R O C E S S  ---------------

Threads class SMR info:
_java_thread_list=0x000001d2b15a9300, length=36, elements={
0x000001d28e13e800, 0x000001d28e209000, 0x000001d28e20d800, 0x000001d2ac5e8800,
0x000001d2ac5ea800, 0x000001d2ac5eb800, 0x000001d2ac63c800, 0x000001d2ac64f800,
0x000001d2ad037000, 0x000001d2ad046800, 0x000001d2adde1000, 0x000001d2ae557000,
0x000001d2ae759800, 0x000001d2ae75a800, 0x000001d2ae8f1800, 0x000001d2ae677000,
0x000001d2ad3da000, 0x000001d2acff9800, 0x000001d2ae259800, 0x000001d2ae25a800,
0x000001d2ada1b000, 0x000001d2ada1a000, 0x000001d2ada19800, 0x000001d2ada1b800,
0x000001d2adb40800, 0x000001d2adb40000, 0x000001d2adb43000, 0x000001d2adb3e000,
0x000001d2adb41800, 0x000001d2adb45800, 0x000001d2adb48000, 0x000001d2adb47000,
0x000001d2adb44000, 0x000001d2adb4c000, 0x000001d2adb49000, 0x000001d2adb49800
}

Java Threads: ( => current thread )
  0x000001d28e13e800 JavaThread "main" [_thread_blocked, id=27920, stack(0x0000008740f00000,0x0000008741000000)]
  0x000001d28e209000 JavaThread "Reference Handler" daemon [_thread_blocked, id=34112, stack(0x0000008741600000,0x0000008741700000)]
  0x000001d28e20d800 JavaThread "Finalizer" daemon [_thread_blocked, id=23576, stack(0x0000008741700000,0x0000008741800000)]
  0x000001d2ac5e8800 JavaThread "Signal Dispatcher" daemon [_thread_blocked, id=31176, stack(0x0000008741800000,0x0000008741900000)]
  0x000001d2ac5ea800 JavaThread "Attach Listener" daemon [_thread_blocked, id=32384, stack(0x0000008741900000,0x0000008741a00000)]
=>0x000001d2ac5eb800 JavaThread "C2 CompilerThread0" daemon [_thread_in_native, id=22848, stack(0x0000008741a00000,0x0000008741b00000)]
  0x000001d2ac63c800 JavaThread "C1 CompilerThread0" daemon [_thread_blocked, id=16456, stack(0x0000008741b00000,0x0000008741c00000)]
  0x000001d2ac64f800 JavaThread "Sweeper thread" daemon [_thread_blocked, id=32996, stack(0x0000008741c00000,0x0000008741d00000)]
  0x000001d2ad037000 JavaThread "Common-Cleaner" daemon [_thread_blocked, id=25812, stack(0x0000008741d00000,0x0000008741e00000)]
  0x000001d2ad046800 JavaThread "Service Thread" daemon [_thread_blocked, id=28736, stack(0x0000008741e00000,0x0000008741f00000)]
  0x000001d2adde1000 JavaThread "Daemon health stats" [_thread_blocked, id=31724, stack(0x0000008742200000,0x0000008742300000)]
  0x000001d2ae557000 JavaThread "Incoming local TCP Connector on port 58171" [_thread_in_native, id=17700, stack(0x0000008742500000,0x0000008742600000)]
  0x000001d2ae759800 JavaThread "Daemon periodic checks" [_thread_blocked, id=25300, stack(0x0000008742600000,0x0000008742700000)]
  0x000001d2ae75a800 JavaThread "Daemon" [_thread_blocked, id=29372, stack(0x0000008742700000,0x0000008742800000)]
  0x000001d2ae8f1800 JavaThread "Handler for socket connection from /127.0.0.1:58171 to /127.0.0.1:58172" [_thread_in_native, id=11480, stack(0x0000008742800000,0x0000008742900000)]
  0x000001d2ae677000 JavaThread "Cancel handler" [_thread_blocked, id=9180, stack(0x0000008742900000,0x0000008742a00000)]
  0x000001d2ad3da000 JavaThread "Daemon worker" [_thread_blocked, id=24228, stack(0x0000008742a00000,0x0000008742b00000)]
  0x000001d2acff9800 JavaThread "Asynchronous log dispatcher for DefaultDaemonConnection: socket connection from /127.0.0.1:58171 to /127.0.0.1:58172" [_thread_blocked, id=30276, stack(0x0000008742b00000,0x0000008742c00000)]
  0x000001d2ae259800 JavaThread "Stdin handler" [_thread_blocked, id=33612, stack(0x0000008742c00000,0x0000008742d00000)]
  0x000001d2ae25a800 JavaThread "Thread-8" [_thread_blocked, id=11424, stack(0x0000008742d00000,0x0000008742e00000)]
  0x000001d2ada1b000 JavaThread "Cache worker for journal cache (C:\Users\Ayoola_M\.gradle\caches\journal-1)" [_thread_blocked, id=32852, stack(0x0000008742e00000,0x0000008742f00000)]
  0x000001d2ada1a000 JavaThread "File lock request listener" [_thread_in_native, id=19976, stack(0x0000008742f00000,0x0000008743000000)]
  0x000001d2ada19800 JavaThread "Cache worker for file hash cache (C:\Users\Ayoola_M\.gradle\caches\6.1.1\fileHashes)" [_thread_blocked, id=13708, stack(0x0000008743000000,0x0000008743100000)]
  0x000001d2ada1b800 JavaThread "Cache worker for checksums cache (C:\Users\Ayoola_M\AndroidStudioProjects\MVVMArchitecure\.gradle\checksums)" [_thread_blocked, id=4976, stack(0x0000008743100000,0x0000008743200000)]
  0x000001d2adb40800 JavaThread "Cache worker for file hash cache (C:\Users\Ayoola_M\AndroidStudioProjects\MVVMArchitecure\.gradle\6.1.1\fileHashes)" [_thread_blocked, id=34136, stack(0x0000008743200000,0x0000008743300000)]
  0x000001d2adb40000 JavaThread "Cache worker for cache directory md-supplier (C:\Users\Ayoola_M\.gradle\caches\6.1.1\md-supplier)" [_thread_blocked, id=32536, stack(0x0000008743300000,0x0000008743400000)]
  0x000001d2adb43000 JavaThread "Cache worker for cache directory md-rule (C:\Users\Ayoola_M\.gradle\caches\6.1.1\md-rule)" [_thread_blocked, id=34448, stack(0x0000008743400000,0x0000008743500000)]
  0x000001d2adb3e000 JavaThread "Cache worker for execution history cache (C:\Users\Ayoola_M\.gradle\caches\6.1.1\executionHistory)" [_thread_blocked, id=16164, stack(0x0000008743500000,0x0000008743600000)]
  0x000001d2adb41800 JavaThread "Build operations" [_thread_blocked, id=30928, stack(0x0000008743600000,0x0000008743700000)]
  0x000001d2adb45800 JavaThread "Build operations Thread 2" [_thread_blocked, id=34460, stack(0x0000008743700000,0x0000008743800000)]
  0x000001d2adb48000 JavaThread "Build operations Thread 3" [_thread_blocked, id=24340, stack(0x0000008743800000,0x0000008743900000)]
  0x000001d2adb47000 JavaThread "Build operations Thread 4" [_thread_blocked, id=33256, stack(0x0000008743900000,0x0000008743a00000)]
  0x000001d2adb44000 JavaThread "Cache worker for Build Output Cleanup Cache (C:\Users\Ayoola_M\AndroidStudioProjects\MVVMArchitecure\.gradle\buildOutputCleanup)" [_thread_blocked, id=27244, stack(0x0000008743a00000,0x0000008743b00000)]
  0x000001d2adb4c000 JavaThread "Memory manager" [_thread_blocked, id=8964, stack(0x0000008743d00000,0x0000008743e00000)]
  0x000001d2adb49000 JavaThread "Cache worker for file content cache (C:\Users\Ayoola_M\.gradle\caches\6.1.1\fileContent)" [_thread_blocked, id=32948, stack(0x0000008743e00000,0x0000008743f00000)]
  0x000001d2adb49800 JavaThread "Cache worker for file content cache (C:\Users\Ayoola_M\AndroidStudioProjects\MVVMArchitecure\.gradle\6.1.1\fileContent)" [_thread_blocked, id=33252, stack(0x0000008743f00000,0x0000008744000000)]

Other Threads:
  0x000001d28e205000 VMThread "VM Thread" [stack: 0x0000008741500000,0x0000008741600000] [id=32752]
  0x000001d2ad048800 WatcherThread [stack: 0x0000008741f00000,0x0000008742000000] [id=10748]
  0x000001d28e17a000 GCTaskThread "GC Thread#0" [stack: 0x0000008741000000,0x0000008741100000] [id=27752]
  0x000001d2ad83d000 GCTaskThread "GC Thread#1" [stack: 0x0000008742000000,0x0000008742100000] [id=27056]
  0x000001d2ae61d000 GCTaskThread "GC Thread#2" [stack: 0x0000008742300000,0x0000008742400000] [id=23516]
  0x000001d2ae406000 GCTaskThread "GC Thread#3" [stack: 0x0000008742400000,0x0000008742500000] [id=21428]
  0x000001d28e187800 ConcurrentGCThread "G1 Main Marker" [stack: 0x0000008741100000,0x0000008741200000] [id=4968]
  0x000001d28e189800 ConcurrentGCThread "G1 Conc#0" [stack: 0x0000008741200000,0x0000008741300000] [id=4636]
  0x000001d28e1e4800 ConcurrentGCThread "G1 Refine#0" [stack: 0x0000008741300000,0x0000008741400000] [id=29560]
  0x000001d2ae017800 ConcurrentGCThread "G1 Refine#1" [stack: 0x0000008742100000,0x0000008742200000] [id=15460]
  0x000001d28e1e5800 ConcurrentGCThread "G1 Young RemSet Sampling" [stack: 0x0000008741400000,0x0000008741500000] [id=26916]

Threads with active compile tasks:
C2 CompilerThread0  5984 %     4       org.gradle.internal.instantiation.generator.AbstractClassGenerator::inspectType @ 107 (559 bytes)
C1 CompilerThread0  6066       3       java.security.Provider::checkInitialized (16 bytes)

VM state:at safepoint (normal execution)

VM Mutex/Monitor currently owned by a thread:  ([mutex/lock_event])
[0x000001d28e13ba10] Threads_lock - owner thread: 0x000001d28e205000
[0x000001d28e13c430] Heap_lock - owner thread: 0x000001d28e187800

Heap address: 0x0000000080000000, size: 2048 MB, Compressed Oops mode: 32-bit
Narrow klass base: 0x0000000800000000, Narrow klass shift: 3
Compressed class space size: 1073741824 Address: 0x0000000801190000

Heap:
 garbage-first heap   total 112640K, used 64829K [0x0000000080000000, 0x0000000100000000)
  region size 1024K, 7 young (7168K), 3 survivors (3072K)
 Metaspace       used 58464K, capacity 60051K, committed 60412K, reserved 1101824K
  class space    used 7928K, capacity 8416K, committed 8524K, reserved 1048576K
Heap Regions: E=young(eden), S=young(survivor), O=old, HS=humongous(starts), HC=humongous(continues), CS=collection set, F=free, A=archive, TAMS=top-at-mark-start (previous, next)
|   0|0x0000000080000000, 0x0000000080100000, 0x0000000080100000|100%| O|  |TAMS 0x0000000080100000, 0x0000000080000000| Updating 
|   1|0x0000000080100000, 0x0000000080200000, 0x0000000080200000|100%| O|  |TAMS 0x0000000080200000, 0x0000000080100000| Updating 
|   2|0x0000000080200000, 0x0000000080300000, 0x0000000080300000|100%| O|  |TAMS 0x0000000080300000, 0x0000000080200000| Updating 
|   3|0x0000000080300000, 0x0000000080400000, 0x0000000080400000|100%|HS|  |TAMS 0x0000000080400000, 0x0000000080300000| Complete 
|   4|0x0000000080400000, 0x0000000080500000, 0x0000000080500000|100%|HC|  |TAMS 0x0000000080500000, 0x0000000080400000| Complete 
|   5|0x0000000080500000, 0x0000000080600000, 0x0000000080600000|100%|HC|  |TAMS 0x0000000080600000, 0x0000000080500000| Complete 
|   6|0x0000000080600000, 0x0000000080700000, 0x0000000080700000|100%| O|  |TAMS 0x0000000080700000, 0x0000000080600000| Updating 
|   7|0x0000000080700000, 0x0000000080800000, 0x0000000080800000|100%| O|  |TAMS 0x0000000080800000, 0x0000000080700000| Updating 
|   8|0x0000000080800000, 0x0000000080900000, 0x0000000080900000|100%| O|  |TAMS 0x0000000080900000, 0x0000000080800000| Updating 
|   9|0x0000000080900000, 0x0000000080a00000, 0x0000000080a00000|100%| O|  |TAMS 0x0000000080a00000, 0x0000000080900000| Updating 
|  10|0x0000000080a00000, 0x0000000080b00000, 0x0000000080b00000|100%| O|  |TAMS 0x0000000080b00000, 0x0000000080a00000| Updating 
|  11|0x0000000080b00000, 0x0000000080c00000, 0x0000000080c00000|100%| O|  |TAMS 0x0000000080c00000, 0x0000000080b00000| Updating 
|  12|0x0000000080c00000, 0x0000000080d00000, 0x0000000080d00000|100%| O|  |TAMS 0x0000000080d00000, 0x0000000080c00000| Updating 
|  13|0x0000000080d00000, 0x0000000080e00000, 0x0000000080e00000|100%| O|  |TAMS 0x0000000080e00000, 0x0000000080d00000| Updating 
|  14|0x0000000080e00000, 0x0000000080f00000, 0x0000000080f00000|100%| O|  |TAMS 0x0000000080f00000, 0x0000000080e00000| Updating 
|  15|0x0000000080f00000, 0x0000000081000000, 0x0000000081000000|100%|HS|  |TAMS 0x0000000081000000, 0x0000000080f00000| Complete 
|  16|0x0000000081000000, 0x0000000081100000, 0x0000000081100000|100%|HC|  |TAMS 0x0000000081100000, 0x0000000081000000| Complete 
|  17|0x0000000081100000, 0x0000000081200000, 0x0000000081200000|100%|HS|  |TAMS 0x0000000081200000, 0x0000000081100000| Complete 
|  18|0x0000000081200000, 0x0000000081300000, 0x0000000081300000|100%|HC|  |TAMS 0x0000000081300000, 0x0000000081200000| Complete 
|  19|0x0000000081300000, 0x0000000081400000, 0x0000000081400000|100%|HC|  |TAMS 0x0000000081400000, 0x0000000081300000| Complete 
|  20|0x0000000081400000, 0x0000000081500000, 0x0000000081500000|100%|HS|  |TAMS 0x0000000081500000, 0x0000000081400000| Complete 
|  21|0x0000000081500000, 0x0000000081600000, 0x0000000081600000|100%|HC|  |TAMS 0x0000000081600000, 0x0000000081500000| Complete 
|  22|0x0000000081600000, 0x0000000081700000, 0x0000000081700000|100%|HC|  |TAMS 0x0000000081700000, 0x0000000081600000| Complete 
|  23|0x0000000081700000, 0x0000000081800000, 0x0000000081800000|100%|HC|  |TAMS 0x0000000081800000, 0x0000000081700000| Complete 
|  24|0x0000000081800000, 0x0000000081900000, 0x0000000081900000|100%| O|  |TAMS 0x0000000081900000, 0x0000000081800000| Updating 
|  25|0x0000000081900000, 0x0000000081a00000, 0x0000000081a00000|100%| O|  |TAMS 0x0000000081a00000, 0x0000000081900000| Updating 
|  26|0x0000000081a00000, 0x0000000081b00000, 0x0000000081b00000|100%| O|  |TAMS 0x0000000081b00000, 0x0000000081a00000| Updating 
|  27|0x0000000081b00000, 0x0000000081c00000, 0x0000000081c00000|100%| O|  |TAMS 0x0000000081c00000, 0x0000000081b00000| Updating 
|  28|0x0000000081c00000, 0x0000000081d00000, 0x0000000081d00000|100%| O|  |TAMS 0x0000000081d00000, 0x0000000081c00000| Updating 
|  29|0x0000000081d00000, 0x0000000081e00000, 0x0000000081e00000|100%| O|  |TAMS 0x0000000081e00000, 0x0000000081d00000| Updating 
|  30|0x0000000081e00000, 0x0000000081f00000, 0x0000000081f00000|100%| O|  |TAMS 0x0000000081f00000, 0x0000000081e00000| Updating 
|  31|0x0000000081f00000, 0x0000000082000000, 0x0000000082000000|100%| O|  |TAMS 0x0000000082000000, 0x0000000081f00000| Updating 
|  32|0x0000000082000000, 0x0000000082100000, 0x0000000082100000|100%| O|  |TAMS 0x0000000082100000, 0x0000000082000000| Updating 
|  33|0x0000000082100000, 0x0000000082200000, 0x0000000082200000|100%| O|  |TAMS 0x0000000082200000, 0x0000000082100000| Updating 
|  34|0x0000000082200000, 0x0000000082300000, 0x0000000082300000|100%|HS|  |TAMS 0x0000000082300000, 0x0000000082200000| Complete 
|  35|0x0000000082300000, 0x0000000082400000, 0x0000000082400000|100%|HC|  |TAMS 0x0000000082400000, 0x0000000082300000| Complete 
|  36|0x0000000082400000, 0x0000000082500000, 0x0000000082500000|100%|HC|  |TAMS 0x0000000082500000, 0x0000000082400000| Complete 
|  37|0x0000000082500000, 0x0000000082600000, 0x0000000082600000|100%| O|  |TAMS 0x0000000082600000, 0x0000000082500000| Updating 
|  38|0x0000000082600000, 0x0000000082700000, 0x0000000082700000|100%| O|  |TAMS 0x0000000082700000, 0x0000000082600000| Updating 
|  39|0x0000000082700000, 0x0000000082800000, 0x0000000082800000|100%| O|  |TAMS 0x0000000082800000, 0x0000000082700000| Updating 
|  40|0x0000000082800000, 0x0000000082900000, 0x0000000082900000|100%| O|  |TAMS 0x0000000082900000, 0x0000000082800000| Updating 
|  41|0x0000000082900000, 0x0000000082a00000, 0x0000000082a00000|100%| O|  |TAMS 0x0000000082a00000, 0x0000000082900000| Updating 
|  42|0x0000000082a00000, 0x0000000082b00000, 0x0000000082b00000|100%|HS|  |TAMS 0x0000000082b00000, 0x0000000082a00000| Complete 
|  43|0x0000000082b00000, 0x0000000082c00000, 0x0000000082c00000|100%|HC|  |TAMS 0x0000000082c00000, 0x0000000082b00000| Complete 
|  44|0x0000000082c00000, 0x0000000082d00000, 0x0000000082d00000|100%| O|  |TAMS 0x0000000082d00000, 0x0000000082c00000| Updating 
|  45|0x0000000082d00000, 0x0000000082e00000, 0x0000000082e00000|100%| O|  |TAMS 0x0000000082e00000, 0x0000000082d00000| Updating 
|  46|0x0000000082e00000, 0x0000000082f00000, 0x0000000082f00000|100%| O|  |TAMS 0x0000000082f00000, 0x0000000082e00000| Updating 
|  47|0x0000000082f00000, 0x0000000083000000, 0x0000000083000000|100%| O|  |TAMS 0x0000000083000000, 0x0000000082f00000| Updating 
|  48|0x0000000083000000, 0x0000000083100000, 0x0000000083100000|100%| O|  |TAMS 0x0000000083100000, 0x0000000083000000| Updating 
|  49|0x0000000083100000, 0x0000000083200000, 0x0000000083200000|100%| O|  |TAMS 0x0000000083200000, 0x0000000083100000| Updating 
|  50|0x0000000083200000, 0x0000000083300000, 0x0000000083300000|100%| O|  |TAMS 0x0000000083300000, 0x0000000083200000| Updating 
|  51|0x0000000083300000, 0x0000000083400000, 0x0000000083400000|100%| O|  |TAMS 0x0000000083400000, 0x0000000083300000| Updating 
|  52|0x0000000083400000, 0x0000000083500000, 0x0000000083500000|100%| O|  |TAMS 0x0000000083500000, 0x0000000083400000| Updating 
|  53|0x0000000083500000, 0x0000000083600000, 0x0000000083600000|100%| O|  |TAMS 0x0000000083600000, 0x0000000083500000| Updating 
|  54|0x0000000083600000, 0x0000000083700000, 0x0000000083700000|100%| O|  |TAMS 0x0000000083700000, 0x0000000083600000| Updating 
|  55|0x0000000083700000, 0x0000000083800000, 0x0000000083800000|100%| O|  |TAMS 0x0000000083800000, 0x0000000083700000| Updating 
|  56|0x0000000083800000, 0x0000000083900000, 0x0000000083900000|100%| O|  |TAMS 0x00000000838e2000, 0x0000000083800000| Updating 
|  57|0x0000000083900000, 0x0000000083a00000, 0x0000000083a00000|100%| O|  |TAMS 0x0000000083900000, 0x0000000083900000| Untracked 
|  58|0x0000000083a00000, 0x0000000083a22800, 0x0000000083b00000| 13%| O|  |TAMS 0x0000000083a00000, 0x0000000083a00000| Updating 
|  59|0x0000000083b00000, 0x0000000083b00000, 0x0000000083c00000|  0%| F|  |TAMS 0x0000000083b00000, 0x0000000083b00000| Untracked 
|  60|0x0000000083c00000, 0x0000000083c00000, 0x0000000083d00000|  0%| F|  |TAMS 0x0000000083c00000, 0x0000000083c00000| Untracked 
|  61|0x0000000083d00000, 0x0000000083d00000, 0x0000000083e00000|  0%| F|  |TAMS 0x0000000083d00000, 0x0000000083d00000| Untracked 
|  62|0x0000000083e00000, 0x0000000083e00000, 0x0000000083f00000|  0%| F|  |TAMS 0x0000000083e00000, 0x0000000083e00000| Untracked 
|  63|0x0000000083f00000, 0x0000000083f00000, 0x0000000084000000|  0%| F|  |TAMS 0x0000000083f00000, 0x0000000083f00000| Untracked 
|  64|0x0000000084000000, 0x0000000084000000, 0x0000000084100000|  0%| F|  |TAMS 0x0000000084000000, 0x0000000084000000| Untracked 
|  65|0x0000000084100000, 0x0000000084100000, 0x0000000084200000|  0%| F|  |TAMS 0x0000000084100000, 0x0000000084100000| Untracked 
|  66|0x0000000084200000, 0x0000000084200000, 0x0000000084300000|  0%| F|  |TAMS 0x0000000084200000, 0x0000000084200000| Untracked 
|  67|0x0000000084300000, 0x0000000084300000, 0x0000000084400000|  0%| F|  |TAMS 0x0000000084300000, 0x0000000084300000| Untracked 
|  68|0x0000000084400000, 0x0000000084400000, 0x0000000084500000|  0%| F|  |TAMS 0x0000000084400000, 0x0000000084400000| Untracked 
|  69|0x0000000084500000, 0x0000000084500000, 0x0000000084600000|  0%| F|  |TAMS 0x0000000084500000, 0x0000000084500000| Untracked 
|  70|0x0000000084600000, 0x0000000084600000, 0x0000000084700000|  0%| F|  |TAMS 0x0000000084600000, 0x0000000084600000| Untracked 
|  71|0x0000000084700000, 0x0000000084700000, 0x0000000084800000|  0%| F|  |TAMS 0x0000000084700000, 0x0000000084700000| Untracked 
|  72|0x0000000084800000, 0x0000000084800000, 0x0000000084900000|  0%| F|  |TAMS 0x0000000084800000, 0x0000000084800000| Untracked 
|  73|0x0000000084900000, 0x0000000084900000, 0x0000000084a00000|  0%| F|  |TAMS 0x0000000084900000, 0x0000000084900000| Untracked 
|  74|0x0000000084a00000, 0x0000000084a2ceb0, 0x0000000084b00000| 17%| S|CS|TAMS 0x0000000084a00000, 0x0000000084a00000| Complete 
|  75|0x0000000084b00000, 0x0000000084c00000, 0x0000000084c00000|100%| S|CS|TAMS 0x0000000084b00000, 0x0000000084b00000| Complete 
|  76|0x0000000084c00000, 0x0000000084d00000, 0x0000000084d00000|100%| S|CS|TAMS 0x0000000084c00000, 0x0000000084c00000| Complete 
|  77|0x0000000084d00000, 0x0000000084d00000, 0x0000000084e00000|  0%| F|  |TAMS 0x0000000084d00000, 0x0000000084d00000| Untracked 
|  78|0x0000000084e00000, 0x0000000084e00000, 0x0000000084f00000|  0%| F|  |TAMS 0x0000000084e00000, 0x0000000084e00000| Untracked 
|  79|0x0000000084f00000, 0x0000000084f00000, 0x0000000085000000|  0%| F|  |TAMS 0x0000000084f00000, 0x0000000084f00000| Untracked 
|  80|0x0000000085000000, 0x0000000085000000, 0x0000000085100000|  0%| F|  |TAMS 0x0000000085000000, 0x0000000085000000| Untracked 
|  81|0x0000000085100000, 0x0000000085100000, 0x0000000085200000|  0%| F|  |TAMS 0x0000000085100000, 0x0000000085100000| Untracked 
|  82|0x0000000085200000, 0x0000000085200000, 0x0000000085300000|  0%| F|  |TAMS 0x0000000085200000, 0x0000000085200000| Untracked 
|  83|0x0000000085300000, 0x0000000085300000, 0x0000000085400000|  0%| F|  |TAMS 0x0000000085300000, 0x0000000085300000| Untracked 
|  84|0x0000000085400000, 0x0000000085400000, 0x0000000085500000|  0%| F|  |TAMS 0x0000000085400000, 0x0000000085400000| Untracked 
|  85|0x0000000085500000, 0x0000000085500000, 0x0000000085600000|  0%| F|  |TAMS 0x0000000085500000, 0x0000000085500000| Untracked 
|  86|0x0000000085600000, 0x0000000085600000, 0x0000000085700000|  0%| F|  |TAMS 0x0000000085600000, 0x0000000085600000| Untracked 
|  87|0x0000000085700000, 0x0000000085700000, 0x0000000085800000|  0%| F|  |TAMS 0x0000000085700000, 0x0000000085700000| Untracked 
|  88|0x0000000085800000, 0x0000000085800000, 0x0000000085900000|  0%| F|  |TAMS 0x0000000085800000, 0x0000000085800000| Untracked 
|  89|0x0000000085900000, 0x0000000085900000, 0x0000000085a00000|  0%| F|  |TAMS 0x0000000085900000, 0x0000000085900000| Untracked 
|  90|0x0000000085a00000, 0x0000000085a00000, 0x0000000085b00000|  0%| F|  |TAMS 0x0000000085a00000, 0x0000000085a00000| Untracked 
|  91|0x0000000085b00000, 0x0000000085b00000, 0x0000000085c00000|  0%| F|  |TAMS 0x0000000085b00000, 0x0000000085b00000| Untracked 
|  92|0x0000000085c00000, 0x0000000085c00000, 0x0000000085d00000|  0%| F|  |TAMS 0x0000000085c00000, 0x0000000085c00000| Untracked 
|  93|0x0000000085d00000, 0x0000000085d00000, 0x0000000085e00000|  0%| F|  |TAMS 0x0000000085d00000, 0x0000000085d00000| Untracked 
|  94|0x0000000085e00000, 0x0000000085e00000, 0x0000000085f00000|  0%| F|  |TAMS 0x0000000085e00000, 0x0000000085e00000| Untracked 
|  95|0x0000000085f00000, 0x0000000085f00000, 0x0000000086000000|  0%| F|  |TAMS 0x0000000085f00000, 0x0000000085f00000| Untracked 
|  96|0x0000000086000000, 0x0000000086065e98, 0x0000000086100000| 39%| E|  |TAMS 0x0000000086000000, 0x0000000086000000| Complete 
|  97|0x0000000086100000, 0x0000000086200000, 0x0000000086200000|100%| E|CS|TAMS 0x0000000086100000, 0x0000000086100000| Complete 
|  98|0x0000000086200000, 0x0000000086300000, 0x0000000086300000|100%| E|CS|TAMS 0x0000000086200000, 0x0000000086200000| Complete 
|  99|0x0000000086300000, 0x0000000086400000, 0x0000000086400000|100%| E|CS|TAMS 0x0000000086300000, 0x0000000086300000| Complete 

Card table byte_map: [0x000001d2a5940000,0x000001d2a5d40000] _byte_map_base: 0x000001d2a5540000

Marking Bits (Prev, Next): (CMBitMap*) 0x000001d28e17afa8, (CMBitMap*) 0x000001d28e17af68
 Prev Bits: [0x000001d2a8140000, 0x000001d2aa140000)
 Next Bits: [0x000001d2a6140000, 0x000001d2a8140000)

Polling page: 0x000001d28d910000

Metaspace:

Usage:
  Non-class:     50.42 MB capacity,    49.35 MB ( 98%) used,   967.27 KB (  2%) free+waste,   132.69 KB ( <1%) overhead. 
      Class:      8.22 MB capacity,     7.74 MB ( 94%) used,   423.91 KB (  5%) free+waste,    63.13 KB ( <1%) overhead. 
       Both:     58.64 MB capacity,    57.09 MB ( 97%) used,     1.36 MB (  2%) free+waste,   195.81 KB ( <1%) overhead. 

Virtual space:
  Non-class space:       52.00 MB reserved,      50.67 MB ( 97%) committed 
      Class space:        1.00 GB reserved,       8.32 MB ( <1%) committed 
             Both:        1.05 GB reserved,      59.00 MB (  5%) committed 

Chunk freelists:
   Non-Class:  7.63 KB
       Class:  0 bytes
        Both:  7.63 KB

CodeHeap 'non-profiled nmethods': size=120064Kb used=2722Kb max_used=3217Kb free=117342Kb
 bounds [0x000001d29e000000, 0x000001d29e330000, 0x000001d2a5540000]
CodeHeap 'profiled nmethods': size=120000Kb used=12491Kb max_used=13128Kb free=107508Kb
 bounds [0x000001d296ad0000, 0x000001d2977b0000, 0x000001d29e000000]
CodeHeap 'non-nmethods': size=5696Kb used=2278Kb max_used=2314Kb free=3417Kb
 bounds [0x000001d296540000, 0x000001d2967b0000, 0x000001d296ad0000]
 total_blobs=8259 nmethods=5456 adapters=769
 compilation: enabled
              stopped_count=0, restarted_count=0
 full_count=0

Compilation events (10 events):
Event: 54.157 Thread 0x000001d2ac63c800 6049       3       org.gradle.util.GradleVersion::compareTo (244 bytes)
Event: 54.159 Thread 0x000001d2ac63c800 nmethod 6049 0x000001d296c10e90 code [0x000001d296c11160, 0x000001d296c12040]
Event: 54.159 Thread 0x000001d2ac63c800 6050       3       java.io.DataOutputStream::flush (8 bytes)
Event: 54.160 Thread 0x000001d2ac63c800 nmethod 6050 0x000001d296c09290 code [0x000001d296c09460, 0x000001d296c096b0]
Event: 54.224 Thread 0x000001d2ac63c800 6051       3       java.util.regex.Pattern::closure (365 bytes)
Event: 54.228 Thread 0x000001d2ac63c800 nmethod 6051 0x000001d296c9dc90 code [0x000001d296c9e200, 0x000001d296ca11f0]
Event: 54.228 Thread 0x000001d2ac63c800 6052       3       java.util.regex.Pattern::atom (422 bytes)
Event: 54.233 Thread 0x000001d2ac63c800 nmethod 6052 0x000001d296d82710 code [0x000001d296d82ba0, 0x000001d296d85740]
Event: 54.233 Thread 0x000001d2ac63c800 6053       3       java.util.regex.Pattern::skip (23 bytes)
Event: 54.233 Thread 0x000001d2ac63c800 nmethod 6053 0x000001d296c1b010 code [0x000001d296c1b1c0, 0x000001d296c1b378]

GC Heap History (10 events):
Event: 47.852 GC heap before
{Heap before GC invocations=34 (full 0):
 garbage-first heap   total 97280K, used 73433K [0x0000000080000000, 0x0000000100000000)
  region size 1024K, 21 young (21504K), 3 survivors (3072K)
 Metaspace       used 49507K, capacity 50783K, committed 50940K, reserved 1093632K
  class space    used 6554K, capacity 6971K, committed 6988K, reserved 1048576K
}
Event: 47.871 GC heap after
{Heap after GC invocations=35 (full 0):
 garbage-first heap   total 97280K, used 57151K [0x0000000080000000, 0x0000000100000000)
  region size 1024K, 3 young (3072K), 3 survivors (3072K)
 Metaspace       used 49507K, capacity 50783K, committed 50940K, reserved 1093632K
  class space    used 6554K, capacity 6971K, committed 6988K, reserved 1048576K
}
Event: 49.263 GC heap before
{Heap before GC invocations=36 (full 0):
 garbage-first heap   total 97280K, used 75583K [0x0000000080000000, 0x0000000100000000)
  region size 1024K, 21 young (21504K), 3 survivors (3072K)
 Metaspace       used 52563K, capacity 53969K, committed 54140K, reserved 1095680K
  class space    used 7046K, capacity 7507K, committed 7628K, reserved 1048576K
}
Event: 49.279 GC heap after
{Heap after GC invocations=37 (full 0):
 garbage-first heap   total 97280K, used 58449K [0x0000000080000000, 0x0000000100000000)
  region size 1024K, 2 young (2048K), 2 survivors (2048K)
 Metaspace       used 52563K, capacity 53969K, committed 54140K, reserved 1095680K
  class space    used 7046K, capacity 7507K, committed 7628K, reserved 1048576K
}
Event: 50.603 GC heap before
{Heap before GC invocations=37 (full 0):
 garbage-first heap   total 97280K, used 76881K [0x0000000080000000, 0x0000000100000000)
  region size 1024K, 20 young (20480K), 2 survivors (2048K)
 Metaspace       used 54300K, capacity 55744K, committed 55932K, reserved 1097728K
  class space    used 7288K, capacity 7768K, committed 7884K, reserved 1048576K
}
Event: 50.613 GC heap after
{Heap after GC invocations=38 (full 0):
 garbage-first heap   total 97280K, used 59498K [0x0000000080000000, 0x0000000100000000)
  region size 1024K, 3 young (3072K), 3 survivors (3072K)
 Metaspace       used 54300K, capacity 55744K, committed 55932K, reserved 1097728K
  class space    used 7288K, capacity 7768K, committed 7884K, reserved 1048576K
}
Event: 51.557 GC heap before
{Heap before GC invocations=39 (full 0):
 garbage-first heap   total 102400K, used 77930K [0x0000000080000000, 0x0000000100000000)
  region size 1024K, 21 young (21504K), 3 survivors (3072K)
 Metaspace       used 56132K, capacity 57559K, committed 57724K, reserved 1099776K
  class space    used 7615K, capacity 8092K, committed 8140K, reserved 1048576K
}
Event: 51.578 GC heap after
{Heap after GC invocations=40 (full 0):
 garbage-first heap   total 102400K, used 60182K [0x0000000080000000, 0x0000000100000000)
  region size 1024K, 2 young (2048K), 2 survivors (2048K)
 Metaspace       used 56132K, capacity 57559K, committed 57724K, reserved 1099776K
  class space    used 7615K, capacity 8092K, committed 8140K, reserved 1048576K
}
Event: 54.132 GC heap before
{Heap before GC invocations=40 (full 0):
 garbage-first heap   total 102400K, used 81686K [0x0000000080000000, 0x0000000100000000)
  region size 1024K, 23 young (23552K), 2 survivors (2048K)
 Metaspace       used 58059K, capacity 59571K, committed 59772K, reserved 1101824K
  class space    used 7871K, capacity 8384K, committed 8396K, reserved 1048576K
}
Event: 54.153 GC heap after
{Heap after GC invocations=41 (full 0):
 garbage-first heap   total 102400K, used 61757K [0x0000000080000000, 0x0000000100000000)
  region size 1024K, 3 young (3072K), 3 survivors (3072K)
 Metaspace       used 58059K, capacity 59571K, committed 59772K, reserved 1101824K
  class space    used 7871K, capacity 8384K, committed 8396K, reserved 1048576K
}

Deoptimization events (10 events):
Event: 49.935 Thread 0x000001d2ad3da000 Uncommon trap: reason=bimorphic_or_optimized_type_check action=maybe_recompile pc=0x000001d29e1325c0 method=java.util.AbstractCollection.addAll(Ljava/util/Collection;)Z @ 29 c2
Event: 50.301 Thread 0x000001d2ad3da000 Uncommon trap: reason=unstable_if action=reinterpret pc=0x000001d29e1b1578 method=com.esotericsoftware.kryo.io.Input.require(I)I @ 65 c2
Event: 50.475 Thread 0x000001d2ad3da000 Uncommon trap: reason=unstable_if action=reinterpret pc=0x000001d29e0586b4 method=java.util.HashMap.resize()[Ljava/util/HashMap$Node; @ 203 c2
Event: 50.475 Thread 0x000001d2ad3da000 Uncommon trap: reason=unstable_if action=reinterpret pc=0x000001d29e25415c method=java.util.HashMap.putVal(ILjava/lang/Object;Ljava/lang/Object;ZZ)Ljava/lang/Object; @ 109 c2
Event: 50.475 Thread 0x000001d2ad3da000 Uncommon trap: reason=unstable_if action=reinterpret pc=0x000001d29e175414 method=java.util.HashMap.putVal(ILjava/lang/Object;Ljava/lang/Object;ZZ)Ljava/lang/Object; @ 109 c2
Event: 50.527 Thread 0x000001d2ad3da000 Uncommon trap: reason=unstable_if action=reinterpret pc=0x000001d29e1d4a58 method=java.io.WinNTFileSystem.normalize(Ljava/lang/String;)Ljava/lang/String; @ 74 c2
Event: 52.504 Thread 0x000001d2ad3da000 Uncommon trap: reason=unstable_if action=reinterpret pc=0x000001d29e2bc820 method=com.sun.org.apache.xerces.internal.impl.XMLEntityScanner.scanLiteral(ILcom/sun/org/apache/xerces/internal/xni/XMLString;Z)I @ 660 c2
Event: 52.509 Thread 0x000001d2ad3da000 Uncommon trap: reason=unstable_if action=reinterpret pc=0x000001d29e2b1b38 method=java.util.regex.Pattern.atom()Ljava/util/regex/Pattern$Node; @ 14 c2
Event: 53.328 Thread 0x000001d2ad3da000 Uncommon trap: reason=unstable_if action=reinterpret pc=0x000001d29e2a4598 method=com.google.gson.stream.JsonReader.doPeek()I @ 525 c2
Event: 54.124 Thread 0x000001d2ad3da000 Uncommon trap: reason=unstable_if action=reinterpret pc=0x000001d29e2ace84 method=java.util.regex.Pattern.curly(Ljava/util/regex/Pattern$Node;I)Ljava/util/regex/Pattern$Node; @ 8 c2

Classes redefined (0 events):
No events

Internal exceptions (10 events):
Event: 48.543 Thread 0x000001d2ad3da000 Exception <a 'java/lang/NoSuchMethodError'{0x00000000856dd110}: java.lang.invoke.DirectMethodHandle$Holder.invokeStatic(Ljava/lang/Object;Ljava/lang/Object;Ljava/lang/Object;Ljava/lang/Object;Ljava/lang/Object;Ljava/lang/Object;Ljava/lang/Object;)V> (0x00
Event: 48.769 Thread 0x000001d2ad3da000 Exception <a 'java/lang/NoSuchMethodError'{0x00000000854bbb58}: java.lang.invoke.DirectMethodHandle$Holder.invokeStatic(Ljava/lang/Object;Ljava/lang/Object;Ljava/lang/Object;ILjava/lang/Object;)V> (0x00000000854bbb58) thrown at [t:/workspace/open/src/hots
Event: 49.680 Thread 0x000001d2ad3da000 Exception <a 'java/lang/ClassNotFoundException'{0x00000000857b1378}: com/android/build/gradle/internal/api/ApkVariantOutputImpl_DecoratedBeanInfo> (0x00000000857b1378) thrown at [t:/workspace/open/src/hotspot/share/classfile/systemDictionary.cpp, line 235
Event: 49.681 Thread 0x000001d2ad3da000 Exception <a 'java/lang/ClassNotFoundException'{0x00000000857c3d48}: com/android/build/gradle/internal/api/ApkVariantOutputImplBeanInfo> (0x00000000857c3d48) thrown at [t:/workspace/open/src/hotspot/share/classfile/systemDictionary.cpp, line 235]
Event: 49.682 Thread 0x000001d2ad3da000 Exception <a 'java/lang/ClassNotFoundException'{0x00000000857d6d38}: com/android/build/gradle/internal/api/BaseVariantOutputImplBeanInfo> (0x00000000857d6d38) thrown at [t:/workspace/open/src/hotspot/share/classfile/systemDictionary.cpp, line 235]
Event: 49.683 Thread 0x000001d2ad3da000 Exception <a 'java/lang/ClassNotFoundException'{0x00000000857e9a70}: com/android/build/gradle/internal/api/BaseVariantOutputImplCustomizer> (0x00000000857e9a70) thrown at [t:/workspace/open/src/hotspot/share/classfile/systemDictionary.cpp, line 235]
Event: 49.685 Thread 0x000001d2ad3da000 Exception <a 'java/lang/ClassNotFoundException'{0x000000008560f3e8}: com/android/build/gradle/internal/api/ApkVariantOutputImplCustomizer> (0x000000008560f3e8) thrown at [t:/workspace/open/src/hotspot/share/classfile/systemDictionary.cpp, line 235]
Event: 49.687 Thread 0x000001d2ad3da000 Exception <a 'java/lang/ClassNotFoundException'{0x00000000856304c0}: com/android/build/gradle/internal/api/ApkVariantOutputImpl_DecoratedCustomizer> (0x00000000856304c0) thrown at [t:/workspace/open/src/hotspot/share/classfile/systemDictionary.cpp, line 2
Event: 51.329 Thread 0x000001d2ad3da000 Exception <a 'java/lang/NullPointerException'{0x0000000085718438}> (0x0000000085718438) thrown at [t:/workspace/open/src/hotspot/share/interpreter/linkResolver.cpp, line 1438]
Event: 52.476 Thread 0x000001d2ad3da000 Exception <a 'java/lang/NoSuchMethodError'{0x0000000085cb0f98}: java.lang.invoke.DirectMethodHandle$Holder.invokeStatic(Ljava/lang/Object;Ljava/lang/Object;ILjava/lang/Object;)I> (0x0000000085cb0f98) thrown at [t:/workspace/open/src/hotspot/share/interpre

Events (10 events):
Event: 54.289 loading class javax/net/ssl/TrustManagerFactory
Event: 54.291 loading class javax/net/ssl/TrustManagerFactory done
Event: 54.291 loading class javax/net/ssl/TrustManagerFactory$1
Event: 54.291 loading class javax/net/ssl/TrustManagerFactory$1 done
Event: 54.299 loading class javax/net/ssl/TrustManagerFactorySpi
Event: 54.299 loading class javax/net/ssl/TrustManagerFactorySpi done
Event: 54.299 loading class sun/security/jca/ProviderConfig$3
Event: 54.301 loading class sun/security/jca/ProviderConfig$3 done
Event: 54.301 loading class sun/security/jca/ProviderConfig$ProviderLoader
Event: 54.302 loading class sun/security/jca/ProviderConfig$ProviderLoader done


Dynamic libraries:
0x00007ff612ec0000 - 0x00007ff612ecf000 	C:\Program Files\Java\jdk-12.0.2\bin\java.exe
0x00007ff88a320000 - 0x00007ff88a510000 	C:\WINDOWS\SYSTEM32\ntdll.dll
0x00007ff889f10000 - 0x00007ff889fc2000 	C:\WINDOWS\System32\KERNEL32.DLL
0x00007ff887e30000 - 0x00007ff8880d4000 	C:\WINDOWS\System32\KERNELBASE.dll
0x00007ff887460000 - 0x00007ff88755a000 	C:\WINDOWS\System32\ucrtbase.dll
0x00007ff87dbb0000 - 0x00007ff87dbc6000 	C:\Program Files\Java\jdk-12.0.2\bin\VCRUNTIME140.dll
0x00007ff87db90000 - 0x00007ff87dba8000 	C:\Program Files\Java\jdk-12.0.2\bin\jli.dll
0x00007ff8888a0000 - 0x00007ff888943000 	C:\WINDOWS\System32\ADVAPI32.dll
0x00007ff889e70000 - 0x00007ff889f0e000 	C:\WINDOWS\System32\msvcrt.dll
0x00007ff889cb0000 - 0x00007ff889d47000 	C:\WINDOWS\System32\sechost.dll
0x00007ff888d00000 - 0x00007ff888e20000 	C:\WINDOWS\System32\RPCRT4.dll
0x00007ff888e20000 - 0x00007ff888fb4000 	C:\WINDOWS\System32\USER32.dll
0x00007ff8883a0000 - 0x00007ff8883c1000 	C:\WINDOWS\System32\win32u.dll
0x00007ff8710c0000 - 0x00007ff871344000 	C:\WINDOWS\WinSxS\amd64_microsoft.windows.common-controls_6595b64144ccf1df_6.0.18362.836_none_e6c4b943130f18ed\COMCTL32.dll
0x00007ff8889c0000 - 0x00007ff888cf6000 	C:\WINDOWS\System32\combase.dll
0x00007ff8880e0000 - 0x00007ff888160000 	C:\WINDOWS\System32\bcryptPrimitives.dll
0x000001d28c100000 - 0x000001d28c126000 	C:\WINDOWS\System32\GDI32.dll
0x00007ff888160000 - 0x00007ff8882f4000 	C:\WINDOWS\System32\gdi32full.dll
0x00007ff888300000 - 0x00007ff88839e000 	C:\WINDOWS\System32\msvcp_win.dll
0x00007ff882de0000 - 0x00007ff882dea000 	C:\WINDOWS\SYSTEM32\VERSION.dll
0x00007ff889e40000 - 0x00007ff889e6e000 	C:\WINDOWS\System32\IMM32.DLL
0x00007ff8799e0000 - 0x00007ff879a8a000 	C:\Program Files\Java\jdk-12.0.2\bin\msvcp140.dll
0x00007ff8412a0000 - 0x00007ff841e17000 	C:\Program Files\Java\jdk-12.0.2\bin\server\jvm.dll
0x00007ff88a1a0000 - 0x00007ff88a1a8000 	C:\WINDOWS\System32\PSAPI.DLL
0x00007ff883e10000 - 0x00007ff883e19000 	C:\WINDOWS\SYSTEM32\WSOCK32.dll
0x00007ff889150000 - 0x00007ff8891bf000 	C:\WINDOWS\System32\WS2_32.dll
0x00007ff883380000 - 0x00007ff8833a4000 	C:\WINDOWS\SYSTEM32\WINMM.dll
0x00007ff883350000 - 0x00007ff88337d000 	C:\WINDOWS\SYSTEM32\winmmbase.dll
0x00007ff8872b0000 - 0x00007ff8872fa000 	C:\WINDOWS\System32\cfgmgr32.dll
0x00007ff887260000 - 0x00007ff887271000 	C:\WINDOWS\System32\kernel.appcore.dll
0x00007ff87db70000 - 0x00007ff87db81000 	C:\Program Files\Java\jdk-12.0.2\bin\verify.dll
0x00007ff880600000 - 0x00007ff8807f4000 	C:\WINDOWS\SYSTEM32\DBGHELP.DLL
0x00007ff85d6b0000 - 0x00007ff85d6da000 	C:\WINDOWS\SYSTEM32\dbgcore.DLL
0x00007ff87c780000 - 0x00007ff87c7a6000 	C:\Program Files\Java\jdk-12.0.2\bin\java.dll
0x00007ff879e40000 - 0x00007ff879e57000 	C:\Program Files\Java\jdk-12.0.2\bin\zip.dll
0x00007ff883890000 - 0x00007ff88389a000 	C:\Program Files\Java\jdk-12.0.2\bin\jimage.dll
0x00007ff889370000 - 0x00007ff889a54000 	C:\WINDOWS\System32\SHELL32.dll
0x00007ff888fc0000 - 0x00007ff889069000 	C:\WINDOWS\System32\shcore.dll
0x00007ff887560000 - 0x00007ff887cde000 	C:\WINDOWS\System32\windows.storage.dll
0x00007ff887280000 - 0x00007ff8872a3000 	C:\WINDOWS\System32\profapi.dll
0x00007ff887210000 - 0x00007ff88725a000 	C:\WINDOWS\System32\powrprof.dll
0x00007ff8871e0000 - 0x00007ff8871f0000 	C:\WINDOWS\System32\UMPDC.dll
0x00007ff8883d0000 - 0x00007ff888422000 	C:\WINDOWS\System32\shlwapi.dll
0x00007ff887440000 - 0x00007ff887457000 	C:\WINDOWS\System32\cryptsp.dll
0x00007ff879e20000 - 0x00007ff879e39000 	C:\Program Files\Java\jdk-12.0.2\bin\net.dll
0x00007ff8716e0000 - 0x00007ff8717d0000 	C:\WINDOWS\SYSTEM32\WINHTTP.dll
0x00007ff872ad0000 - 0x00007ff872ca6000 	C:\WINDOWS\SYSTEM32\urlmon.dll
0x00007ff872820000 - 0x00007ff872ac6000 	C:\WINDOWS\SYSTEM32\iertutil.dll
0x00007ff886c20000 - 0x00007ff886c2c000 	C:\WINDOWS\SYSTEM32\CRYPTBASE.DLL
0x00007ff886a50000 - 0x00007ff886ab7000 	C:\WINDOWS\system32\mswsock.dll
0x00007ff879e00000 - 0x00007ff879e13000 	C:\Program Files\Java\jdk-12.0.2\bin\nio.dll
0x00007ff85d430000 - 0x00007ff85d456000 	C:\Users\Ayoola_M\.gradle\native\31\windows-amd64\native-platform.dll
0x00007ff882a90000 - 0x00007ff882a99000 	C:\Program Files\Java\jdk-12.0.2\bin\management.dll
0x00007ff882a70000 - 0x00007ff882a7c000 	C:\Program Files\Java\jdk-12.0.2\bin\management_ext.dll
0x00007ff8865c0000 - 0x00007ff8865f3000 	C:\WINDOWS\system32\rsaenh.dll
0x00007ff887410000 - 0x00007ff887436000 	C:\WINDOWS\System32\bcrypt.dll
0x00007ff887100000 - 0x00007ff887125000 	C:\WINDOWS\SYSTEM32\USERENV.dll
0x00007ff886760000 - 0x00007ff88679a000 	C:\WINDOWS\SYSTEM32\IPHLPAPI.DLL
0x00007ff88a050000 - 0x00007ff88a058000 	C:\WINDOWS\System32\NSI.dll
0x00007ff87e7e0000 - 0x00007ff87e7f6000 	C:\WINDOWS\SYSTEM32\dhcpcsvc6.DLL
0x00007ff881680000 - 0x00007ff88169c000 	C:\WINDOWS\SYSTEM32\dhcpcsvc.DLL
0x00007ff8867b0000 - 0x00007ff88687b000 	C:\WINDOWS\SYSTEM32\DNSAPI.dll
0x00007ff8579d0000 - 0x00007ff8579f7000 	C:\Program Files\Java\jdk-12.0.2\bin\sunec.dll

dbghelp: loaded successfully - version: 4.0.5 - missing functions: none
symbol engine: initialized successfully - sym options: 0x614 - pdb path: .;C:\Program Files\Java\jdk-12.0.2\bin;C:\WINDOWS\SYSTEM32;C:\WINDOWS\WinSxS\amd64_microsoft.windows.common-controls_6595b64144ccf1df_6.0.18362.836_none_e6c4b943130f18ed;C:\Program Files\Java\jdk-12.0.2\bin\server;C:\Users\Ayoola_M\.gradle\native\31\windows-amd64

VM Arguments:
jvm_args: --add-opens=java.base/java.util=ALL-UNNAMED --add-opens=java.base/java.lang=ALL-UNNAMED --add-opens=java.base/java.lang.invoke=ALL-UNNAMED --add-opens=java.prefs/java.util.prefs=ALL-UNNAMED -Xmx2048m -Dfile.encoding=windows-1252 -Duser.country=GB -Duser.language=en -Duser.variant 
java_command: org.gradle.launcher.daemon.bootstrap.GradleDaemon 6.1.1
java_class_path (initial): C:\Users\Ayoola_M\.gradle\wrapper\dists\gradle-6.1.1-all\cfmwm155h49vnt3hynmlrsdst\gradle-6.1.1\lib\gradle-launcher-6.1.1.jar
Launcher Type: SUN_STANDARD

[Global flags]
     intx CICompilerCount                          = 3                                         {product} {ergonomic}
     uint ConcGCThreads                            = 1                                         {product} {ergonomic}
     uint G1ConcRefinementThreads                  = 4                                         {product} {ergonomic}
   size_t G1HeapRegionSize                         = 1048576                                   {product} {ergonomic}
    uintx GCDrainStackTargetSize                   = 64                                        {product} {ergonomic}
   size_t InitialHeapSize                          = 67108864                                  {product} {ergonomic}
   size_t MarkStackSize                            = 4194304                                   {product} {ergonomic}
   size_t MaxHeapSize                              = 2147483648                                {product} {command line}
   size_t MaxNewSize                               = 1287651328                                {product} {ergonomic}
   size_t MinHeapDeltaBytes                        = 1048576                                   {product} {ergonomic}
    uintx NonNMethodCodeHeapSize                   = 5830732                                {pd product} {ergonomic}
    uintx NonProfiledCodeHeapSize                  = 122913754                              {pd product} {ergonomic}
    uintx ProfiledCodeHeapSize                     = 122913754                              {pd product} {ergonomic}
    uintx ReservedCodeCacheSize                    = 251658240                              {pd product} {ergonomic}
     bool SegmentedCodeCache                       = true                                      {product} {ergonomic}
     bool UseCompressedClassPointers               = true                                 {lp64_product} {ergonomic}
     bool UseCompressedOops                        = true                                 {lp64_product} {ergonomic}
     bool UseG1GC                                  = true                                      {product} {ergonomic}
     bool UseLargePagesIndividualAllocation        = false                                  {pd product} {ergonomic}

Logging:
Log output configuration:
 #0: stdout all=warning uptime,level,tags
 #1: stderr all=off uptime,level,tags

Environment Variables:
JAVA_HOME=C:\Program Files\Java\jdk-12.0.2\bin
CLASSPATH=.;.;C:\PROGRA~2\JMF21~1.1E\lib\sound.jar;C:\PROGRA~2\JMF21~1.1E\lib\jmf.jar;C:\PROGRA~2\JMF21~1.1E\lib;
PATH=C:\Python27\;C:\Python27\Scripts;C:\Program Files\Java\jdk-12.0.2\bin;C:\Program Files\Microsoft VS Code\bin;C:\Program Files\nodejs\;C:\WINDOWS\system32;C:\WINDOWS;C:\WINDOWS\System32\Wbem;C:\WINDOWS\System32\WindowsPowerShell\v1.0\;C:\WINDOWS\System32\OpenSSH\;C:\ProgramData\chocolatey\bin;C:\Program Files\Java\jdk1.8.0_211\bin;C:\Program Files\SourceGear\Common\DiffMerge\;C:\Program Files\Git\cmd;C:\Users\Ayoola_M\AppData\Roaming\npm;%USERPROFILE%\AppData\Local\Microsoft\WindowsApps;
USERNAME=Ayoola_M
OS=Windows_NT
PROCESSOR_IDENTIFIER=Intel64 Family 6 Model 142 Stepping 10, GenuineIntel



---------------  S Y S T E M  ---------------

OS: Windows 10 , 64 bit Build 18362 (10.0.18362.778)

CPU:total 4 (initial active 4) (2 cores per cpu, 2 threads per core) family 6 model 142 stepping 10, cmov, cx8, fxsr, mmx, sse, sse2, sse3, ssse3, sse4.1, sse4.2, popcnt, aes, clmul, erms, 3dnowpref, lzcnt, ht, tsc, tscinvbit

Memory: 4k page, system-wide physical 3976M (139M free)
TotalPageFile size 16264M (AvailPageFile size 0M)
current process WorkingSet (physical memory assigned to process): 212M, peak: 212M
current process commit charge ("private bytes"): 304M, peak: 314M

vm_info: Java HotSpot(TM) 64-Bit Server VM (12.0.2+10) for windows-amd64 JRE (12.0.2+10), built on Jul 16 2019 01:56:17 by "mach5one" with MS VC++ 15.5 (VS2017)

END.
